2021-01-12 16:41:06,973 - local_search.py[line:239] - CRITICAL: [local_search_qs4 c = 8 n = 8]
2021-01-12 16:41:06,978 - local_search.py[line:246] - INFO: [n = 8] [  1/10] step: 11.000 (11/1)	time: 0.004 (0.004/1)
2021-01-12 16:41:06,979 - local_search.py[line:246] - INFO: [n = 8] [  2/10] step: 7.500 (15/2)	time: 0.002 (0.005/2)
2021-01-12 16:41:06,983 - local_search.py[line:246] - INFO: [n = 8] [  3/10] step: 7.667 (23/3)	time: 0.003 (0.008/3)
2021-01-12 16:41:06,986 - local_search.py[line:246] - INFO: [n = 8] [  4/10] step: 7.250 (29/4)	time: 0.003 (0.011/4)
2021-01-12 16:41:06,989 - local_search.py[line:246] - INFO: [n = 8] [  5/10] step: 8.200 (41/5)	time: 0.003 (0.013/5)
2021-01-12 16:41:06,990 - local_search.py[line:246] - INFO: [n = 8] [  6/10] step: 7.333 (44/6)	time: 0.002 (0.014/6)
2021-01-12 16:41:06,993 - local_search.py[line:246] - INFO: [n = 8] [  7/10] step: 7.429 (52/7)	time: 0.002 (0.017/7)
2021-01-12 16:41:06,994 - local_search.py[line:246] - INFO: [n = 8] [  8/10] step: 7.000 (56/8)	time: 0.002 (0.017/8)
2021-01-12 16:41:06,996 - local_search.py[line:246] - INFO: [n = 8] [  9/10] step: 7.111 (64/9)	time: 0.002 (0.020/9)
2021-01-12 16:41:06,997 - local_search.py[line:246] - INFO: [n = 8] [ 10/10] step: 6.800 (68/10)	time: 0.002 (0.020/10)
2021-01-12 16:41:06,997 - local_search.py[line:250] - CRITICAL: [local_search_qs4 c = 8 n = 8] average step: 6.8 (68/10)
2021-01-12 16:41:06,997 - local_search.py[line:251] - CRITICAL: [local_search_qs4 c = 8 n = 8] average time: 0.0020293712615966795 (0.020293712615966797/10)
2021-01-12 16:41:06,997 - local_search.py[line:239] - CRITICAL: [local_search_qs4 c = 6 n = 16]
2021-01-12 16:41:06,998 - local_search.py[line:246] - INFO: [n = 16] [  1/10] step: 5.000 (5/1)	time: 0.001 (0.001/1)
2021-01-12 16:41:07,014 - local_search.py[line:246] - INFO: [n = 16] [  2/10] step: 10.000 (20/2)	time: 0.008 (0.016/2)
2021-01-12 16:41:07,015 - local_search.py[line:246] - INFO: [n = 16] [  3/10] step: 8.333 (25/3)	time: 0.006 (0.018/3)
2021-01-12 16:41:07,040 - local_search.py[line:246] - INFO: [n = 16] [  4/10] step: 9.000 (36/4)	time: 0.011 (0.042/4)
2021-01-12 16:41:07,058 - local_search.py[line:246] - INFO: [n = 16] [  5/10] step: 10.000 (50/5)	time: 0.012 (0.059/5)
2021-01-12 16:41:07,060 - local_search.py[line:246] - INFO: [n = 16] [  6/10] step: 9.333 (56/6)	time: 0.010 (0.060/6)
2021-01-12 16:41:07,129 - local_search.py[line:246] - INFO: [n = 16] [  7/10] step: 12.286 (86/7)	time: 0.018 (0.128/7)
2021-01-12 16:41:07,146 - local_search.py[line:246] - INFO: [n = 16] [  8/10] step: 12.000 (96/8)	time: 0.018 (0.145/8)
2021-01-12 16:41:07,147 - local_search.py[line:246] - INFO: [n = 16] [  9/10] step: 11.222 (101/9)	time: 0.016 (0.146/9)
2021-01-12 16:41:07,148 - local_search.py[line:246] - INFO: [n = 16] [ 10/10] step: 10.400 (104/10)	time: 0.015 (0.147/10)
2021-01-12 16:41:07,148 - local_search.py[line:250] - CRITICAL: [local_search_qs4 c = 6 n = 16] average step: 10.4 (104/10)
2021-01-12 16:41:07,148 - local_search.py[line:251] - CRITICAL: [local_search_qs4 c = 6 n = 16] average time: 0.014656686782836914 (0.14656686782836914/10)
2021-01-12 16:41:07,148 - local_search.py[line:239] - CRITICAL: [local_search_qs4 c = 8 n = 32]
2021-01-12 16:41:07,150 - local_search.py[line:246] - INFO: [n = 32] [  1/10] step: 6.000 (6/1)	time: 0.002 (0.002/1)
2021-01-12 16:41:07,154 - local_search.py[line:246] - INFO: [n = 32] [  2/10] step: 6.500 (13/2)	time: 0.003 (0.006/2)
2021-01-12 16:41:07,156 - local_search.py[line:246] - INFO: [n = 32] [  3/10] step: 6.333 (19/3)	time: 0.003 (0.008/3)
2021-01-12 16:41:07,160 - local_search.py[line:246] - INFO: [n = 32] [  4/10] step: 6.250 (25/4)	time: 0.003 (0.011/4)
2021-01-12 16:41:07,251 - local_search.py[line:246] - INFO: [n = 32] [  5/10] step: 8.200 (41/5)	time: 0.020 (0.102/5)
2021-01-12 16:41:07,289 - local_search.py[line:246] - INFO: [n = 32] [  6/10] step: 9.000 (54/6)	time: 0.023 (0.140/6)
2021-01-12 16:41:07,290 - local_search.py[line:246] - INFO: [n = 32] [  7/10] step: 7.857 (55/7)	time: 0.020 (0.140/7)
2021-01-12 16:41:07,370 - local_search.py[line:246] - INFO: [n = 32] [  8/10] step: 8.000 (64/8)	time: 0.028 (0.220/8)
2021-01-12 16:41:07,372 - local_search.py[line:246] - INFO: [n = 32] [  9/10] step: 7.667 (69/9)	time: 0.025 (0.221/9)
2021-01-12 16:41:07,372 - local_search.py[line:246] - INFO: [n = 32] [ 10/10] step: 7.400 (74/10)	time: 0.022 (0.222/10)
2021-01-12 16:41:07,373 - local_search.py[line:250] - CRITICAL: [local_search_qs4 c = 8 n = 32] average step: 7.4 (74/10)
2021-01-12 16:41:07,373 - local_search.py[line:251] - CRITICAL: [local_search_qs4 c = 8 n = 32] average time: 0.022210216522216795 (0.22210216522216797/10)
2021-01-12 16:41:07,373 - local_search.py[line:239] - CRITICAL: [local_search_qs4 c = 15 n = 64]
2021-01-12 16:41:07,836 - local_search.py[line:246] - INFO: [n = 64] [  1/10] step: 32.000 (32/1)	time: 0.463 (0.463/1)
2021-01-12 16:41:08,062 - local_search.py[line:246] - INFO: [n = 64] [  2/10] step: 26.000 (52/2)	time: 0.344 (0.688/2)
2021-01-12 16:41:08,607 - local_search.py[line:246] - INFO: [n = 64] [  3/10] step: 28.667 (86/3)	time: 0.411 (1.233/3)
2021-01-12 16:41:08,612 - local_search.py[line:246] - INFO: [n = 64] [  4/10] step: 25.250 (101/4)	time: 0.309 (1.237/4)
2021-01-12 16:41:09,224 - local_search.py[line:246] - INFO: [n = 64] [  5/10] step: 28.400 (142/5)	time: 0.370 (1.849/5)
2021-01-12 16:41:09,229 - local_search.py[line:246] - INFO: [n = 64] [  6/10] step: 25.333 (152/6)	time: 0.309 (1.854/6)
2021-01-12 16:41:09,233 - local_search.py[line:246] - INFO: [n = 64] [  7/10] step: 23.286 (163/7)	time: 0.265 (1.858/7)
2021-01-12 16:41:09,236 - local_search.py[line:246] - INFO: [n = 64] [  8/10] step: 22.000 (176/8)	time: 0.233 (1.861/8)
2021-01-12 16:41:09,246 - local_search.py[line:246] - INFO: [n = 64] [  9/10] step: 21.000 (189/9)	time: 0.208 (1.870/9)
2021-01-12 16:41:09,397 - local_search.py[line:246] - INFO: [n = 64] [ 10/10] step: 21.400 (214/10)	time: 0.202 (2.022/10)
2021-01-12 16:41:09,397 - local_search.py[line:250] - CRITICAL: [local_search_qs4 c = 15 n = 64] average step: 21.4 (214/10)
2021-01-12 16:41:09,398 - local_search.py[line:251] - CRITICAL: [local_search_qs4 c = 15 n = 64] average time: 0.20215051174163817 (2.021505117416382/10)
2021-01-12 16:41:09,398 - local_search.py[line:239] - CRITICAL: [local_search_qs4 c = 20 n = 100]
2021-01-12 16:41:09,407 - local_search.py[line:246] - INFO: [n = 100] [  1/10] step: 19.000 (19/1)	time: 0.009 (0.009/1)
2021-01-12 16:41:09,413 - local_search.py[line:246] - INFO: [n = 100] [  2/10] step: 18.500 (37/2)	time: 0.007 (0.015/2)
2021-01-12 16:41:09,422 - local_search.py[line:246] - INFO: [n = 100] [  3/10] step: 17.333 (52/3)	time: 0.008 (0.024/3)
2021-01-12 16:41:11,375 - local_search.py[line:246] - INFO: [n = 100] [  4/10] step: 29.000 (116/4)	time: 0.494 (1.977/4)
2021-01-12 16:41:11,381 - local_search.py[line:246] - INFO: [n = 100] [  5/10] step: 26.600 (133/5)	time: 0.396 (1.982/5)
2021-01-12 16:41:13,250 - local_search.py[line:246] - INFO: [n = 100] [  6/10] step: 30.333 (182/6)	time: 0.642 (3.851/6)
2021-01-12 16:41:13,266 - local_search.py[line:246] - INFO: [n = 100] [  7/10] step: 28.714 (201/7)	time: 0.552 (3.867/7)
2021-01-12 16:41:14,199 - local_search.py[line:246] - INFO: [n = 100] [  8/10] step: 29.375 (235/8)	time: 0.600 (4.799/8)
2021-01-12 16:41:14,209 - local_search.py[line:246] - INFO: [n = 100] [  9/10] step: 27.667 (249/9)	time: 0.534 (4.808/9)
2021-01-12 16:41:14,219 - local_search.py[line:246] - INFO: [n = 100] [ 10/10] step: 26.400 (264/10)	time: 0.482 (4.817/10)
2021-01-12 16:41:14,219 - local_search.py[line:250] - CRITICAL: [local_search_qs4 c = 20 n = 100] average step: 26.4 (264/10)
2021-01-12 16:41:14,220 - local_search.py[line:251] - CRITICAL: [local_search_qs4 c = 20 n = 100] average time: 0.48169121742248533 (4.8169121742248535/10)
2021-01-12 16:41:14,221 - local_search.py[line:239] - CRITICAL: [local_search_qs4 c = 30 n = 1000]
2021-01-12 16:41:14,419 - local_search.py[line:246] - INFO: [n = 1000] [  1/10] step: 31.000 (31/1)	time: 0.197 (0.197/1)
2021-01-12 16:41:14,606 - local_search.py[line:246] - INFO: [n = 1000] [  2/10] step: 27.500 (55/2)	time: 0.192 (0.384/2)
2021-01-12 16:41:14,762 - local_search.py[line:246] - INFO: [n = 1000] [  3/10] step: 27.333 (82/3)	time: 0.180 (0.539/3)
2021-01-12 16:41:14,926 - local_search.py[line:246] - INFO: [n = 1000] [  4/10] step: 26.750 (107/4)	time: 0.176 (0.703/4)
2021-01-12 16:41:15,085 - local_search.py[line:246] - INFO: [n = 1000] [  5/10] step: 28.000 (140/5)	time: 0.172 (0.862/5)
2021-01-12 16:41:15,221 - local_search.py[line:246] - INFO: [n = 1000] [  6/10] step: 28.500 (171/6)	time: 0.166 (0.996/6)
2021-01-12 16:41:15,508 - local_search.py[line:246] - INFO: [n = 1000] [  7/10] step: 28.286 (198/7)	time: 0.183 (1.283/7)
2021-01-12 16:41:15,793 - local_search.py[line:246] - INFO: [n = 1000] [  8/10] step: 28.500 (228/8)	time: 0.196 (1.567/8)
2021-01-12 16:41:15,957 - local_search.py[line:246] - INFO: [n = 1000] [  9/10] step: 28.778 (259/9)	time: 0.192 (1.730/9)
2021-01-12 16:41:16,074 - local_search.py[line:246] - INFO: [n = 1000] [ 10/10] step: 28.800 (288/10)	time: 0.185 (1.847/10)
2021-01-12 16:41:16,074 - local_search.py[line:250] - CRITICAL: [local_search_qs4 c = 30 n = 1000] average step: 28.8 (288/10)
2021-01-12 16:41:16,074 - local_search.py[line:251] - CRITICAL: [local_search_qs4 c = 30 n = 1000] average time: 0.1847215175628662 (1.847215175628662/10)
2021-01-12 16:41:16,078 - local_search.py[line:239] - CRITICAL: [local_search_qs4 c = 50 n = 10000]
2021-01-12 16:41:17,326 - local_search.py[line:246] - INFO: [n = 10000] [  1/10] step: 51.000 (51/1)	time: 1.248 (1.248/1)
2021-01-12 16:41:19,250 - local_search.py[line:246] - INFO: [n = 10000] [  2/10] step: 49.500 (99/2)	time: 1.586 (3.171/2)
2021-01-12 16:41:20,580 - local_search.py[line:246] - INFO: [n = 10000] [  3/10] step: 46.667 (140/3)	time: 1.500 (4.500/3)
2021-01-12 16:41:23,431 - local_search.py[line:246] - INFO: [n = 10000] [  4/10] step: 46.750 (187/4)	time: 1.838 (7.350/4)
2021-01-12 16:41:25,043 - local_search.py[line:246] - INFO: [n = 10000] [  5/10] step: 47.000 (235/5)	time: 1.792 (8.961/5)
2021-01-12 16:41:26,337 - local_search.py[line:246] - INFO: [n = 10000] [  6/10] step: 47.667 (286/6)	time: 1.709 (10.254/6)
2021-01-12 16:41:28,040 - local_search.py[line:246] - INFO: [n = 10000] [  7/10] step: 47.429 (332/7)	time: 1.708 (11.958/7)
2021-01-12 16:41:29,227 - local_search.py[line:246] - INFO: [n = 10000] [  8/10] step: 47.500 (380/8)	time: 1.643 (13.143/8)
2021-01-12 16:41:31,683 - local_search.py[line:246] - INFO: [n = 10000] [  9/10] step: 48.333 (435/9)	time: 1.733 (15.598/9)
2021-01-12 16:41:33,303 - local_search.py[line:246] - INFO: [n = 10000] [ 10/10] step: 48.300 (483/10)	time: 1.722 (17.217/10)
2021-01-12 16:41:33,304 - local_search.py[line:250] - CRITICAL: [local_search_qs4 c = 50 n = 10000] average step: 48.3 (483/10)
2021-01-12 16:41:33,304 - local_search.py[line:251] - CRITICAL: [local_search_qs4 c = 50 n = 10000] average time: 1.721678614616394 (17.21678614616394/10)
2021-01-12 16:41:33,339 - local_search.py[line:239] - CRITICAL: [local_search_qs4 c = 80 n = 100000]
2021-01-12 16:41:57,442 - local_search.py[line:246] - INFO: [n = 100000] [  1/10] step: 75.000 (75/1)	time: 24.103 (24.103/1)
2021-01-12 16:42:10,040 - local_search.py[line:246] - INFO: [n = 100000] [  2/10] step: 75.000 (150/2)	time: 18.349 (36.699/2)
2021-01-12 16:42:43,733 - local_search.py[line:246] - INFO: [n = 100000] [  3/10] step: 79.667 (239/3)	time: 23.463 (70.390/3)
2021-01-12 16:43:06,243 - local_search.py[line:246] - INFO: [n = 100000] [  4/10] step: 78.250 (313/4)	time: 23.225 (92.898/4)
2021-01-12 16:43:46,887 - local_search.py[line:246] - INFO: [n = 100000] [  5/10] step: 78.400 (392/5)	time: 26.708 (133.542/5)
2021-01-12 16:44:31,809 - local_search.py[line:246] - INFO: [n = 100000] [  6/10] step: 77.667 (466/6)	time: 29.744 (178.463/6)
2021-01-12 16:44:44,367 - local_search.py[line:246] - INFO: [n = 100000] [  7/10] step: 77.571 (543/7)	time: 27.289 (191.020/7)
2021-01-12 16:45:10,280 - local_search.py[line:246] - INFO: [n = 100000] [  8/10] step: 77.125 (617/8)	time: 27.117 (216.932/8)
2021-01-12 16:45:29,740 - local_search.py[line:246] - INFO: [n = 100000] [  9/10] step: 77.556 (698/9)	time: 26.266 (236.390/9)
2021-01-12 16:45:48,040 - local_search.py[line:246] - INFO: [n = 100000] [ 10/10] step: 77.900 (779/10)	time: 25.469 (254.690/10)
2021-01-12 16:45:48,041 - local_search.py[line:250] - CRITICAL: [local_search_qs4 c = 80 n = 100000] average step: 77.9 (779/10)
2021-01-12 16:45:48,041 - local_search.py[line:251] - CRITICAL: [local_search_qs4 c = 80 n = 100000] average time: 25.468967032432555 (254.68967032432556/10)
2021-01-12 16:45:48,323 - local_search.py[line:239] - CRITICAL: [local_search_qs4 c = 100 n = 1000000]
2021-01-12 16:49:02,735 - local_search.py[line:246] - INFO: [n = 1000000] [  1/3] step: 94.000 (94/1)	time: 194.412 (194.412/1)
2021-01-12 16:53:27,975 - local_search.py[line:246] - INFO: [n = 1000000] [  2/3] step: 97.000 (194/2)	time: 229.825 (459.651/2)
2021-01-12 16:58:34,405 - local_search.py[line:246] - INFO: [n = 1000000] [  3/3] step: 98.667 (296/3)	time: 255.360 (766.079/3)
2021-01-12 16:58:34,405 - local_search.py[line:250] - CRITICAL: [local_search_qs4 c = 100 n = 1000000] average step: 98.66666666666667 (296/3)
2021-01-12 16:58:34,406 - local_search.py[line:251] - CRITICAL: [local_search_qs4 c = 100 n = 1000000] average time: 255.3597583770752 (766.0792751312256/3)
