2021-01-12 16:40:27,841 - local_search.py[line:239] - CRITICAL: [local_search_qs4 c = 8 n = 8]
2021-01-12 16:40:27,845 - local_search.py[line:246] - INFO: [n = 8] [  1/10] step: 11.000 (11/1)	time: 0.004 (0.004/1)
2021-01-12 16:40:27,846 - local_search.py[line:246] - INFO: [n = 8] [  2/10] step: 7.500 (15/2)	time: 0.002 (0.004/2)
2021-01-12 16:40:27,851 - local_search.py[line:246] - INFO: [n = 8] [  3/10] step: 7.667 (23/3)	time: 0.003 (0.010/3)
2021-01-12 16:40:27,856 - local_search.py[line:246] - INFO: [n = 8] [  4/10] step: 7.250 (29/4)	time: 0.004 (0.014/4)
2021-01-12 16:40:27,860 - local_search.py[line:246] - INFO: [n = 8] [  5/10] step: 8.200 (41/5)	time: 0.004 (0.018/5)
2021-01-12 16:40:27,861 - local_search.py[line:246] - INFO: [n = 8] [  6/10] step: 7.333 (44/6)	time: 0.003 (0.019/6)
2021-01-12 16:40:27,866 - local_search.py[line:246] - INFO: [n = 8] [  7/10] step: 7.429 (52/7)	time: 0.003 (0.024/7)
2021-01-12 16:40:27,867 - local_search.py[line:246] - INFO: [n = 8] [  8/10] step: 7.000 (56/8)	time: 0.003 (0.024/8)
2021-01-12 16:40:27,871 - local_search.py[line:246] - INFO: [n = 8] [  9/10] step: 7.111 (64/9)	time: 0.003 (0.028/9)
2021-01-12 16:40:27,871 - local_search.py[line:246] - INFO: [n = 8] [ 10/10] step: 6.800 (68/10)	time: 0.003 (0.029/10)
2021-01-12 16:40:27,871 - local_search.py[line:250] - CRITICAL: [local_search_qs4 c = 8 n = 8] average step: 6.8 (68/10)
2021-01-12 16:40:27,871 - local_search.py[line:251] - CRITICAL: [local_search_qs4 c = 8 n = 8] average time: 0.002858877182006836 (0.02858877182006836/10)
2021-01-12 16:40:27,871 - local_search.py[line:239] - CRITICAL: [local_search_qs4 c = 16 n = 16]
2021-01-12 16:40:27,918 - local_search.py[line:246] - INFO: [n = 16] [  1/10] step: 34.000 (34/1)	time: 0.047 (0.047/1)
2021-01-12 16:40:27,972 - local_search.py[line:246] - INFO: [n = 16] [  2/10] step: 37.000 (74/2)	time: 0.050 (0.100/2)
2021-01-12 16:40:27,989 - local_search.py[line:246] - INFO: [n = 16] [  3/10] step: 30.333 (91/3)	time: 0.039 (0.117/3)
2021-01-12 16:40:28,031 - local_search.py[line:246] - INFO: [n = 16] [  4/10] step: 28.000 (112/4)	time: 0.040 (0.159/4)
2021-01-12 16:40:28,047 - local_search.py[line:246] - INFO: [n = 16] [  5/10] step: 24.600 (123/5)	time: 0.035 (0.173/5)
2021-01-12 16:40:28,048 - local_search.py[line:246] - INFO: [n = 16] [  6/10] step: 21.833 (131/6)	time: 0.029 (0.174/6)
2021-01-12 16:40:28,057 - local_search.py[line:246] - INFO: [n = 16] [  7/10] step: 20.857 (146/7)	time: 0.026 (0.183/7)
2021-01-12 16:40:28,125 - local_search.py[line:246] - INFO: [n = 16] [  8/10] step: 23.750 (190/8)	time: 0.031 (0.250/8)
2021-01-12 16:40:28,275 - local_search.py[line:246] - INFO: [n = 16] [  9/10] step: 32.333 (291/9)	time: 0.044 (0.400/9)
2021-01-12 16:40:28,345 - local_search.py[line:246] - INFO: [n = 16] [ 10/10] step: 35.300 (353/10)	time: 0.047 (0.469/10)
2021-01-12 16:40:28,345 - local_search.py[line:250] - CRITICAL: [local_search_qs4 c = 16 n = 16] average step: 35.3 (353/10)
2021-01-12 16:40:28,345 - local_search.py[line:251] - CRITICAL: [local_search_qs4 c = 16 n = 16] average time: 0.04686596393585205 (0.4686596393585205/10)
2021-01-12 16:40:28,346 - local_search.py[line:239] - CRITICAL: [local_search_qs4 c = 32 n = 32]
2021-01-12 16:40:28,408 - local_search.py[line:246] - INFO: [n = 32] [  1/10] step: 37.000 (37/1)	time: 0.062 (0.062/1)
2021-01-12 16:40:28,410 - local_search.py[line:246] - INFO: [n = 32] [  2/10] step: 27.500 (55/2)	time: 0.032 (0.064/2)
2021-01-12 16:40:28,461 - local_search.py[line:246] - INFO: [n = 32] [  3/10] step: 32.333 (97/3)	time: 0.038 (0.115/3)
2021-01-12 16:40:28,499 - local_search.py[line:246] - INFO: [n = 32] [  4/10] step: 30.250 (121/4)	time: 0.038 (0.152/4)
2021-01-12 16:40:29,187 - local_search.py[line:246] - INFO: [n = 32] [  5/10] step: 66.600 (333/5)	time: 0.168 (0.840/5)
2021-01-12 16:40:29,191 - local_search.py[line:246] - INFO: [n = 32] [  6/10] step: 57.667 (346/6)	time: 0.141 (0.843/6)
2021-01-12 16:40:29,194 - local_search.py[line:246] - INFO: [n = 32] [  7/10] step: 50.857 (356/7)	time: 0.121 (0.846/7)
2021-01-12 16:40:29,304 - local_search.py[line:246] - INFO: [n = 32] [  8/10] step: 51.375 (411/8)	time: 0.120 (0.956/8)
2021-01-12 16:40:29,352 - local_search.py[line:246] - INFO: [n = 32] [  9/10] step: 48.000 (432/9)	time: 0.112 (1.004/9)
2021-01-12 16:40:29,494 - local_search.py[line:246] - INFO: [n = 32] [ 10/10] step: 51.000 (510/10)	time: 0.115 (1.145/10)
2021-01-12 16:40:29,494 - local_search.py[line:250] - CRITICAL: [local_search_qs4 c = 32 n = 32] average step: 51.0 (510/10)
2021-01-12 16:40:29,494 - local_search.py[line:251] - CRITICAL: [local_search_qs4 c = 32 n = 32] average time: 0.11453461647033691 (1.1453461647033691/10)
2021-01-12 16:40:29,494 - local_search.py[line:239] - CRITICAL: [local_search_qs4 c = 64 n = 64]
2021-01-12 16:40:29,499 - local_search.py[line:246] - INFO: [n = 64] [  1/10] step: 28.000 (28/1)	time: 0.005 (0.005/1)
2021-01-12 16:40:29,503 - local_search.py[line:246] - INFO: [n = 64] [  2/10] step: 26.000 (52/2)	time: 0.004 (0.008/2)
2021-01-12 16:40:29,506 - local_search.py[line:246] - INFO: [n = 64] [  3/10] step: 26.333 (79/3)	time: 0.004 (0.012/3)
2021-01-12 16:40:29,652 - local_search.py[line:246] - INFO: [n = 64] [  4/10] step: 34.000 (136/4)	time: 0.039 (0.157/4)
2021-01-12 16:40:30,325 - local_search.py[line:246] - INFO: [n = 64] [  5/10] step: 49.600 (248/5)	time: 0.166 (0.830/5)
2021-01-12 16:40:30,342 - local_search.py[line:246] - INFO: [n = 64] [  6/10] step: 46.167 (277/6)	time: 0.141 (0.844/6)
2021-01-12 16:40:30,602 - local_search.py[line:246] - INFO: [n = 64] [  7/10] step: 46.571 (326/7)	time: 0.158 (1.103/7)
2021-01-12 16:40:31,207 - local_search.py[line:246] - INFO: [n = 64] [  8/10] step: 50.000 (400/8)	time: 0.213 (1.707/8)
2021-01-12 16:40:31,221 - local_search.py[line:246] - INFO: [n = 64] [  9/10] step: 47.556 (428/9)	time: 0.191 (1.720/9)
2021-01-12 16:40:32,333 - local_search.py[line:246] - INFO: [n = 64] [ 10/10] step: 55.600 (556/10)	time: 0.283 (2.831/10)
2021-01-12 16:40:32,334 - local_search.py[line:250] - CRITICAL: [local_search_qs4 c = 64 n = 64] average step: 55.6 (556/10)
2021-01-12 16:40:32,341 - local_search.py[line:251] - CRITICAL: [local_search_qs4 c = 64 n = 64] average time: 0.283088231086731 (2.8308823108673096/10)
2021-01-12 16:40:32,341 - local_search.py[line:239] - CRITICAL: [local_search_qs4 c = 100 n = 100]
2021-01-12 16:40:32,359 - local_search.py[line:246] - INFO: [n = 100] [  1/10] step: 40.000 (40/1)	time: 0.018 (0.018/1)
2021-01-12 16:40:32,374 - local_search.py[line:246] - INFO: [n = 100] [  2/10] step: 39.000 (78/2)	time: 0.016 (0.033/2)
2021-01-12 16:40:32,397 - local_search.py[line:246] - INFO: [n = 100] [  3/10] step: 37.333 (112/3)	time: 0.018 (0.055/3)
2021-01-12 16:40:32,420 - local_search.py[line:246] - INFO: [n = 100] [  4/10] step: 37.250 (149/4)	time: 0.019 (0.077/4)
2021-01-12 16:40:32,448 - local_search.py[line:246] - INFO: [n = 100] [  5/10] step: 38.000 (190/5)	time: 0.021 (0.105/5)
2021-01-12 16:40:33,511 - local_search.py[line:246] - INFO: [n = 100] [  6/10] step: 46.833 (281/6)	time: 0.195 (1.168/6)
2021-01-12 16:40:33,525 - local_search.py[line:246] - INFO: [n = 100] [  7/10] step: 46.857 (328/7)	time: 0.169 (1.182/7)
2021-01-12 16:40:33,541 - local_search.py[line:246] - INFO: [n = 100] [  8/10] step: 47.375 (379/8)	time: 0.150 (1.197/8)
2021-01-12 16:40:36,501 - local_search.py[line:246] - INFO: [n = 100] [  9/10] step: 61.556 (554/9)	time: 0.462 (4.156/9)
2021-01-12 16:40:36,513 - local_search.py[line:246] - INFO: [n = 100] [ 10/10] step: 59.300 (593/10)	time: 0.417 (4.167/10)
2021-01-12 16:40:36,514 - local_search.py[line:250] - CRITICAL: [local_search_qs4 c = 100 n = 100] average step: 59.3 (593/10)
2021-01-12 16:40:36,514 - local_search.py[line:251] - CRITICAL: [local_search_qs4 c = 100 n = 100] average time: 0.4166953325271606 (4.1669533252716064/10)
2021-01-12 16:40:36,515 - local_search.py[line:239] - CRITICAL: [local_search_qs4 c = 1000 n = 1000]
2021-01-12 16:40:36,870 - local_search.py[line:246] - INFO: [n = 1000] [  1/10] step: 437.000 (437/1)	time: 0.354 (0.354/1)
2021-01-12 16:40:37,414 - local_search.py[line:246] - INFO: [n = 1000] [  2/10] step: 437.000 (874/2)	time: 0.448 (0.896/2)
2021-01-12 16:40:37,890 - local_search.py[line:246] - INFO: [n = 1000] [  3/10] step: 442.667 (1328/3)	time: 0.457 (1.372/3)
2021-01-12 16:40:38,088 - local_search.py[line:246] - INFO: [n = 1000] [  4/10] step: 441.750 (1767/4)	time: 0.392 (1.569/4)
2021-01-12 16:40:38,755 - local_search.py[line:246] - INFO: [n = 1000] [  5/10] step: 438.200 (2191/5)	time: 0.447 (2.235/5)
2021-01-12 16:40:39,120 - local_search.py[line:246] - INFO: [n = 1000] [  6/10] step: 436.833 (2621/6)	time: 0.433 (2.598/6)
2021-01-12 16:40:39,330 - local_search.py[line:246] - INFO: [n = 1000] [  7/10] step: 436.857 (3058/7)	time: 0.401 (2.808/7)
2021-01-12 16:40:39,739 - local_search.py[line:246] - INFO: [n = 1000] [  8/10] step: 435.500 (3484/8)	time: 0.402 (3.216/8)
2021-01-12 16:40:39,976 - local_search.py[line:246] - INFO: [n = 1000] [  9/10] step: 435.222 (3917/9)	time: 0.384 (3.454/9)
2021-01-12 16:40:40,331 - local_search.py[line:246] - INFO: [n = 1000] [ 10/10] step: 435.300 (4353/10)	time: 0.381 (3.808/10)
2021-01-12 16:40:40,331 - local_search.py[line:250] - CRITICAL: [local_search_qs4 c = 1000 n = 1000] average step: 435.3 (4353/10)
2021-01-12 16:40:40,331 - local_search.py[line:251] - CRITICAL: [local_search_qs4 c = 1000 n = 1000] average time: 0.38076109886169435 (3.8076109886169434/10)
2021-01-12 16:40:40,335 - local_search.py[line:239] - CRITICAL: [local_search_qs4 c = 10000 n = 10000]
2021-01-12 16:40:47,453 - local_search.py[line:246] - INFO: [n = 10000] [  1/10] step: 4359.000 (4359/1)	time: 7.118 (7.118/1)
2021-01-12 16:40:51,110 - local_search.py[line:246] - INFO: [n = 10000] [  2/10] step: 4350.000 (8700/2)	time: 5.387 (10.773/2)
2021-01-12 16:40:56,163 - local_search.py[line:246] - INFO: [n = 10000] [  3/10] step: 4347.333 (13042/3)	time: 5.275 (15.826/3)
2021-01-12 16:41:01,822 - local_search.py[line:246] - INFO: [n = 10000] [  4/10] step: 4341.750 (17367/4)	time: 5.371 (21.485/4)
2021-01-12 16:41:06,262 - local_search.py[line:246] - INFO: [n = 10000] [  5/10] step: 4343.600 (21718/5)	time: 5.185 (25.924/5)
2021-01-12 16:41:12,192 - local_search.py[line:246] - INFO: [n = 10000] [  6/10] step: 4329.000 (25974/6)	time: 5.309 (31.852/6)
2021-01-12 16:41:17,121 - local_search.py[line:246] - INFO: [n = 10000] [  7/10] step: 4327.714 (30294/7)	time: 5.254 (36.781/7)
2021-01-12 16:41:20,697 - local_search.py[line:246] - INFO: [n = 10000] [  8/10] step: 4322.250 (34578/8)	time: 5.045 (40.357/8)
2021-01-12 16:41:25,021 - local_search.py[line:246] - INFO: [n = 10000] [  9/10] step: 4326.778 (38941/9)	time: 4.964 (44.680/9)
2021-01-12 16:41:29,514 - local_search.py[line:246] - INFO: [n = 10000] [ 10/10] step: 4325.400 (43254/10)	time: 4.917 (49.172/10)
2021-01-12 16:41:29,514 - local_search.py[line:250] - CRITICAL: [local_search_qs4 c = 10000 n = 10000] average step: 4325.4 (43254/10)
2021-01-12 16:41:29,515 - local_search.py[line:251] - CRITICAL: [local_search_qs4 c = 10000 n = 10000] average time: 4.917239570617676 (49.17239570617676/10)
2021-01-12 16:41:29,550 - local_search.py[line:239] - CRITICAL: [local_search_qs4 c = 100000 n = 100000]
2021-01-12 16:42:35,392 - local_search.py[line:246] - INFO: [n = 100000] [  1/10] step: 43291.000 (43291/1)	time: 65.842 (65.842/1)
2021-01-12 16:43:33,763 - local_search.py[line:246] - INFO: [n = 100000] [  2/10] step: 43304.500 (86609/2)	time: 62.106 (124.212/2)
2021-01-12 16:44:36,257 - local_search.py[line:246] - INFO: [n = 100000] [  3/10] step: 43327.667 (129983/3)	time: 62.235 (186.704/3)
2021-01-12 16:46:08,548 - local_search.py[line:246] - INFO: [n = 100000] [  4/10] step: 43333.000 (173332/4)	time: 69.748 (278.993/4)
2021-01-12 16:47:03,908 - local_search.py[line:246] - INFO: [n = 100000] [  5/10] step: 43300.000 (216500/5)	time: 66.870 (334.351/5)
2021-01-12 16:48:08,673 - local_search.py[line:246] - INFO: [n = 100000] [  6/10] step: 43308.333 (259850/6)	time: 66.519 (399.116/6)
2021-01-12 16:49:23,358 - local_search.py[line:246] - INFO: [n = 100000] [  7/10] step: 43303.429 (303124/7)	time: 67.686 (473.800/7)
2021-01-12 16:50:20,187 - local_search.py[line:246] - INFO: [n = 100000] [  8/10] step: 43315.000 (346520/8)	time: 66.328 (530.627/8)
2021-01-12 16:51:28,264 - local_search.py[line:246] - INFO: [n = 100000] [  9/10] step: 43321.556 (389894/9)	time: 66.523 (598.703/9)
2021-01-12 16:52:45,375 - local_search.py[line:246] - INFO: [n = 100000] [ 10/10] step: 43329.800 (433298/10)	time: 67.581 (675.812/10)
2021-01-12 16:52:45,376 - local_search.py[line:250] - CRITICAL: [local_search_qs4 c = 100000 n = 100000] average step: 43329.8 (433298/10)
2021-01-12 16:52:45,377 - local_search.py[line:251] - CRITICAL: [local_search_qs4 c = 100000 n = 100000] average time: 67.58123791217804 (675.8123791217804/10)
2021-01-12 16:52:45,660 - local_search.py[line:239] - CRITICAL: [local_search_qs4 c = 1000000 n = 1000000]
2021-01-12 17:11:40,099 - local_search.py[line:246] - INFO: [n = 1000000] [  1/3] step: 433665.000 (433665/1)	time: 1134.438 (1134.438/1)
2021-01-12 17:25:09,253 - local_search.py[line:246] - INFO: [n = 1000000] [  2/3] step: 433508.500 (867017/2)	time: 971.796 (1943.592/2)
2021-01-12 17:40:52,676 - local_search.py[line:246] - INFO: [n = 1000000] [  3/3] step: 433373.667 (1300121/3)	time: 962.338 (2887.013/3)
2021-01-12 17:40:52,676 - local_search.py[line:250] - CRITICAL: [local_search_qs4 c = 1000000 n = 1000000] average step: 433373.6666666667 (1300121/3)
2021-01-12 17:40:52,677 - local_search.py[line:251] - CRITICAL: [local_search_qs4 c = 1000000 n = 1000000] average time: 962.3375327587128 (2887.0125982761383/3)
