2021-01-12 16:57:36,241 - local_search.py[line:222] - CRITICAL: [vanilla_local_search n = 8]
2021-01-12 16:57:36,243 - local_search.py[line:229] - INFO: [n = 8] [  1/10] step: 3.000 (3/1)	time: 0.001 (0.001/1)
2021-01-12 16:57:36,244 - local_search.py[line:229] - INFO: [n = 8] [  2/10] step: 2.500 (5/2)	time: 0.001 (0.002/2)
2021-01-12 16:57:36,246 - local_search.py[line:229] - INFO: [n = 8] [  3/10] step: 3.000 (9/3)	time: 0.001 (0.004/3)
2021-01-12 16:57:36,249 - local_search.py[line:229] - INFO: [n = 8] [  4/10] step: 3.750 (15/4)	time: 0.002 (0.006/4)
2021-01-12 16:57:36,255 - local_search.py[line:229] - INFO: [n = 8] [  5/10] step: 5.600 (28/5)	time: 0.002 (0.012/5)
2021-01-12 16:57:36,260 - local_search.py[line:229] - INFO: [n = 8] [  6/10] step: 6.167 (37/6)	time: 0.003 (0.015/6)
2021-01-12 16:57:36,262 - local_search.py[line:229] - INFO: [n = 8] [  7/10] step: 5.571 (39/7)	time: 0.002 (0.016/7)
2021-01-12 16:57:36,264 - local_search.py[line:229] - INFO: [n = 8] [  8/10] step: 5.000 (40/8)	time: 0.002 (0.017/8)
2021-01-12 16:57:36,266 - local_search.py[line:229] - INFO: [n = 8] [  9/10] step: 4.778 (43/9)	time: 0.002 (0.018/9)
2021-01-12 16:57:36,276 - local_search.py[line:229] - INFO: [n = 8] [ 10/10] step: 6.500 (65/10)	time: 0.003 (0.026/10)
2021-01-12 16:57:36,276 - local_search.py[line:233] - CRITICAL: [vanilla_local_search n = 8] average step: 6.5 (65/10)
2021-01-12 16:57:36,277 - local_search.py[line:234] - CRITICAL: [vanilla_local_search n = 8] average time: 0.002624201774597168 (0.02624201774597168/10)
2021-01-12 16:57:36,278 - local_search.py[line:222] - CRITICAL: [vanilla_local_search n = 16]
2021-01-12 16:57:36,340 - local_search.py[line:229] - INFO: [n = 16] [  1/10] step: 12.000 (12/1)	time: 0.061 (0.061/1)
2021-01-12 16:57:36,361 - local_search.py[line:229] - INFO: [n = 16] [  2/10] step: 8.000 (16/2)	time: 0.041 (0.082/2)
2021-01-12 16:57:36,408 - local_search.py[line:229] - INFO: [n = 16] [  3/10] step: 8.333 (25/3)	time: 0.042 (0.127/3)
2021-01-12 16:57:36,453 - local_search.py[line:229] - INFO: [n = 16] [  4/10] step: 8.500 (34/4)	time: 0.043 (0.172/4)
2021-01-12 16:57:36,551 - local_search.py[line:229] - INFO: [n = 16] [  5/10] step: 10.800 (54/5)	time: 0.054 (0.269/5)
2021-01-12 16:57:36,692 - local_search.py[line:229] - INFO: [n = 16] [  6/10] step: 13.500 (81/6)	time: 0.068 (0.409/6)
2021-01-12 16:57:36,818 - local_search.py[line:229] - INFO: [n = 16] [  7/10] step: 15.714 (110/7)	time: 0.076 (0.535/7)
2021-01-12 16:57:36,843 - local_search.py[line:229] - INFO: [n = 16] [  8/10] step: 14.375 (115/8)	time: 0.070 (0.559/8)
2021-01-12 16:57:36,958 - local_search.py[line:229] - INFO: [n = 16] [  9/10] step: 15.556 (140/9)	time: 0.075 (0.674/9)
2021-01-12 16:57:37,078 - local_search.py[line:229] - INFO: [n = 16] [ 10/10] step: 16.500 (165/10)	time: 0.079 (0.792/10)
2021-01-12 16:57:37,079 - local_search.py[line:233] - CRITICAL: [vanilla_local_search n = 16] average step: 16.5 (165/10)
2021-01-12 16:57:37,079 - local_search.py[line:234] - CRITICAL: [vanilla_local_search n = 16] average time: 0.07923526763916015 (0.7923526763916016/10)
2021-01-12 16:57:37,080 - local_search.py[line:222] - CRITICAL: [vanilla_local_search n = 32]
2021-01-12 16:57:37,635 - local_search.py[line:229] - INFO: [n = 32] [  1/10] step: 8.000 (8/1)	time: 0.554 (0.554/1)
2021-01-12 16:57:39,019 - local_search.py[line:229] - INFO: [n = 32] [  2/10] step: 13.500 (27/2)	time: 0.968 (1.937/2)
2021-01-12 16:57:39,680 - local_search.py[line:229] - INFO: [n = 32] [  3/10] step: 12.000 (36/3)	time: 0.865 (2.596/3)
2021-01-12 16:57:40,365 - local_search.py[line:229] - INFO: [n = 32] [  4/10] step: 11.250 (45/4)	time: 0.820 (3.280/4)
2021-01-12 16:57:41,012 - local_search.py[line:229] - INFO: [n = 32] [  5/10] step: 10.800 (54/5)	time: 0.785 (3.925/5)
2021-01-12 16:57:43,267 - local_search.py[line:229] - INFO: [n = 32] [  6/10] step: 14.667 (88/6)	time: 1.030 (6.179/6)
2021-01-12 16:57:45,555 - local_search.py[line:229] - INFO: [n = 32] [  7/10] step: 17.429 (122/7)	time: 1.209 (8.466/7)
2021-01-12 16:57:47,562 - local_search.py[line:229] - INFO: [n = 32] [  8/10] step: 18.875 (151/8)	time: 1.309 (10.472/8)
2021-01-12 16:57:48,306 - local_search.py[line:229] - INFO: [n = 32] [  9/10] step: 17.889 (161/9)	time: 1.246 (11.214/9)
2021-01-12 16:57:50,119 - local_search.py[line:229] - INFO: [n = 32] [ 10/10] step: 18.500 (185/10)	time: 1.303 (13.025/10)
2021-01-12 16:57:50,119 - local_search.py[line:233] - CRITICAL: [vanilla_local_search n = 32] average step: 18.5 (185/10)
2021-01-12 16:57:50,119 - local_search.py[line:234] - CRITICAL: [vanilla_local_search n = 32] average time: 1.3025217533111573 (13.025217533111572/10)
2021-01-12 16:57:50,120 - local_search.py[line:222] - CRITICAL: [vanilla_local_search n = 64]
2021-01-12 16:58:37,274 - local_search.py[line:229] - INFO: [n = 64] [  1/10] step: 48.000 (48/1)	time: 47.154 (47.154/1)
2021-01-12 16:59:04,825 - local_search.py[line:229] - INFO: [n = 64] [  2/10] step: 39.000 (78/2)	time: 37.352 (74.705/2)
2021-01-12 16:59:21,362 - local_search.py[line:229] - INFO: [n = 64] [  3/10] step: 32.000 (96/3)	time: 30.413 (91.240/3)
2021-01-12 16:59:36,524 - local_search.py[line:229] - INFO: [n = 64] [  4/10] step: 28.000 (112/4)	time: 26.600 (106.401/4)
2021-01-12 16:59:52,333 - local_search.py[line:229] - INFO: [n = 64] [  5/10] step: 25.800 (129/5)	time: 24.442 (122.208/5)
2021-01-12 17:00:07,588 - local_search.py[line:229] - INFO: [n = 64] [  6/10] step: 24.000 (144/6)	time: 22.910 (137.463/6)
2021-01-12 17:00:24,558 - local_search.py[line:229] - INFO: [n = 64] [  7/10] step: 23.143 (162/7)	time: 22.062 (154.432/7)
2021-01-12 17:01:11,046 - local_search.py[line:229] - INFO: [n = 64] [  8/10] step: 26.375 (211/8)	time: 25.115 (200.918/8)
2021-01-12 17:02:07,539 - local_search.py[line:229] - INFO: [n = 64] [  9/10] step: 30.222 (272/9)	time: 28.601 (257.411/9)
2021-01-12 17:02:46,061 - local_search.py[line:229] - INFO: [n = 64] [ 10/10] step: 30.800 (308/10)	time: 29.593 (295.931/10)
2021-01-12 17:02:46,061 - local_search.py[line:233] - CRITICAL: [vanilla_local_search n = 64] average step: 30.8 (308/10)
2021-01-12 17:02:46,061 - local_search.py[line:234] - CRITICAL: [vanilla_local_search n = 64] average time: 29.593134570121766 (295.93134570121765/10)
2021-01-12 17:02:46,062 - local_search.py[line:222] - CRITICAL: [vanilla_local_search n = 100]
2021-01-12 17:07:40,958 - local_search.py[line:229] - INFO: [n = 100] [  1/10] step: 52.000 (52/1)	time: 294.896 (294.896/1)
2021-01-12 17:14:13,187 - local_search.py[line:229] - INFO: [n = 100] [  2/10] step: 60.500 (121/2)	time: 343.562 (687.124/2)
2021-01-12 17:16:28,657 - local_search.py[line:229] - INFO: [n = 100] [  3/10] step: 48.000 (144/3)	time: 274.198 (822.594/3)
2021-01-12 17:21:01,038 - local_search.py[line:229] - INFO: [n = 100] [  4/10] step: 48.000 (192/4)	time: 273.744 (1094.974/4)
2021-01-12 17:23:27,802 - local_search.py[line:229] - INFO: [n = 100] [  5/10] step: 43.600 (218/5)	time: 248.347 (1241.736/5)
2021-01-12 17:26:07,301 - local_search.py[line:229] - INFO: [n = 100] [  6/10] step: 40.833 (245/6)	time: 233.539 (1401.235/6)
2021-01-12 17:30:37,855 - local_search.py[line:229] - INFO: [n = 100] [  7/10] step: 41.571 (291/7)	time: 238.827 (1671.788/7)
2021-01-12 17:32:39,583 - local_search.py[line:229] - INFO: [n = 100] [  8/10] step: 39.125 (313/8)	time: 224.189 (1793.516/8)
2021-01-12 17:35:03,180 - local_search.py[line:229] - INFO: [n = 100] [  9/10] step: 37.556 (338/9)	time: 215.235 (1937.112/9)
2021-01-12 17:39:15,446 - local_search.py[line:229] - INFO: [n = 100] [ 10/10] step: 38.400 (384/10)	time: 218.938 (2189.376/10)
2021-01-12 17:39:15,447 - local_search.py[line:233] - CRITICAL: [vanilla_local_search n = 100] average step: 38.4 (384/10)
2021-01-12 17:39:15,448 - local_search.py[line:234] - CRITICAL: [vanilla_local_search n = 100] average time: 218.93761830329896 (2189.3761830329895/10)
2021-01-12 17:39:15,449 - local_search.py[line:222] - CRITICAL: [vanilla_local_search n = 1000]
