2020-12-02 21:42:50,873 - local_search.py[line:95] - CRITICAL: [local_search n = 8]
2020-12-02 21:42:50,875 - local_search.py[line:102] - INFO: [n = 8] [  1/100] step: 10.000 (10/1)	time: 0.001 (0.001/1)
2020-12-02 21:42:50,876 - local_search.py[line:102] - INFO: [n = 8] [  2/100] step: 9.500 (19/2)	time: 0.001 (0.003/2)
2020-12-02 21:42:50,878 - local_search.py[line:102] - INFO: [n = 8] [  3/100] step: 8.667 (26/3)	time: 0.002 (0.005/3)
2020-12-02 21:42:50,879 - local_search.py[line:102] - INFO: [n = 8] [  4/100] step: 7.250 (29/4)	time: 0.001 (0.006/4)
2020-12-02 21:42:50,879 - local_search.py[line:102] - INFO: [n = 8] [  5/100] step: 6.400 (32/5)	time: 0.001 (0.006/5)
2020-12-02 21:42:50,881 - local_search.py[line:102] - INFO: [n = 8] [  6/100] step: 6.167 (37/6)	time: 0.001 (0.007/6)
2020-12-02 21:42:50,883 - local_search.py[line:102] - INFO: [n = 8] [  7/100] step: 6.714 (47/7)	time: 0.001 (0.009/7)
2020-12-02 21:42:50,883 - local_search.py[line:102] - INFO: [n = 8] [  8/100] step: 6.250 (50/8)	time: 0.001 (0.009/8)
2020-12-02 21:42:50,885 - local_search.py[line:102] - INFO: [n = 8] [  9/100] step: 6.556 (59/9)	time: 0.001 (0.011/9)
2020-12-02 21:42:50,886 - local_search.py[line:102] - INFO: [n = 8] [ 10/100] step: 6.300 (63/10)	time: 0.001 (0.012/10)
2020-12-02 21:42:50,887 - local_search.py[line:102] - INFO: [n = 8] [ 11/100] step: 6.273 (69/11)	time: 0.001 (0.012/11)
2020-12-02 21:42:50,887 - local_search.py[line:102] - INFO: [n = 8] [ 12/100] step: 6.083 (73/12)	time: 0.001 (0.013/12)
2020-12-02 21:42:50,889 - local_search.py[line:102] - INFO: [n = 8] [ 13/100] step: 6.615 (86/13)	time: 0.001 (0.015/13)
2020-12-02 21:42:50,893 - local_search.py[line:102] - INFO: [n = 8] [ 14/100] step: 7.500 (105/14)	time: 0.001 (0.018/14)
2020-12-02 21:42:50,894 - local_search.py[line:102] - INFO: [n = 8] [ 15/100] step: 7.533 (113/15)	time: 0.001 (0.020/15)
2020-12-02 21:42:50,896 - local_search.py[line:102] - INFO: [n = 8] [ 16/100] step: 7.500 (120/16)	time: 0.001 (0.021/16)
2020-12-02 21:42:50,898 - local_search.py[line:102] - INFO: [n = 8] [ 17/100] step: 8.000 (136/17)	time: 0.001 (0.023/17)
2020-12-02 21:42:50,900 - local_search.py[line:102] - INFO: [n = 8] [ 18/100] step: 8.111 (146/18)	time: 0.001 (0.025/18)
2020-12-02 21:42:50,901 - local_search.py[line:102] - INFO: [n = 8] [ 19/100] step: 7.789 (148/19)	time: 0.001 (0.025/19)
2020-12-02 21:42:50,901 - local_search.py[line:102] - INFO: [n = 8] [ 20/100] step: 7.600 (152/20)	time: 0.001 (0.026/20)
2020-12-02 21:42:50,902 - local_search.py[line:102] - INFO: [n = 8] [ 21/100] step: 7.524 (158/21)	time: 0.001 (0.027/21)
2020-12-02 21:42:50,903 - local_search.py[line:102] - INFO: [n = 8] [ 22/100] step: 7.545 (166/22)	time: 0.001 (0.028/22)
2020-12-02 21:42:50,906 - local_search.py[line:102] - INFO: [n = 8] [ 23/100] step: 7.739 (178/23)	time: 0.001 (0.031/23)
2020-12-02 21:42:50,907 - local_search.py[line:102] - INFO: [n = 8] [ 24/100] step: 7.708 (185/24)	time: 0.001 (0.032/24)
2020-12-02 21:42:50,908 - local_search.py[line:102] - INFO: [n = 8] [ 25/100] step: 7.640 (191/25)	time: 0.001 (0.032/25)
2020-12-02 21:42:50,909 - local_search.py[line:102] - INFO: [n = 8] [ 26/100] step: 7.538 (196/26)	time: 0.001 (0.033/26)
2020-12-02 21:42:50,910 - local_search.py[line:102] - INFO: [n = 8] [ 27/100] step: 7.444 (201/27)	time: 0.001 (0.034/27)
2020-12-02 21:42:50,911 - local_search.py[line:102] - INFO: [n = 8] [ 28/100] step: 7.429 (208/28)	time: 0.001 (0.035/28)
2020-12-02 21:42:50,912 - local_search.py[line:102] - INFO: [n = 8] [ 29/100] step: 7.379 (214/29)	time: 0.001 (0.036/29)
2020-12-02 21:42:50,916 - local_search.py[line:102] - INFO: [n = 8] [ 30/100] step: 7.633 (229/30)	time: 0.001 (0.039/30)
2020-12-02 21:42:50,916 - local_search.py[line:102] - INFO: [n = 8] [ 31/100] step: 7.548 (234/31)	time: 0.001 (0.040/31)
2020-12-02 21:42:50,919 - local_search.py[line:102] - INFO: [n = 8] [ 32/100] step: 7.875 (252/32)	time: 0.001 (0.042/32)
2020-12-02 21:42:50,921 - local_search.py[line:102] - INFO: [n = 8] [ 33/100] step: 7.909 (261/33)	time: 0.001 (0.044/33)
2020-12-02 21:42:50,922 - local_search.py[line:102] - INFO: [n = 8] [ 34/100] step: 7.824 (266/34)	time: 0.001 (0.045/34)
2020-12-02 21:42:50,922 - local_search.py[line:102] - INFO: [n = 8] [ 35/100] step: 7.657 (268/35)	time: 0.001 (0.045/35)
2020-12-02 21:42:50,928 - local_search.py[line:102] - INFO: [n = 8] [ 36/100] step: 8.333 (300/36)	time: 0.001 (0.051/36)
2020-12-02 21:42:50,930 - local_search.py[line:102] - INFO: [n = 8] [ 37/100] step: 8.351 (309/37)	time: 0.001 (0.053/37)
2020-12-02 21:42:50,931 - local_search.py[line:102] - INFO: [n = 8] [ 38/100] step: 8.395 (319/38)	time: 0.001 (0.054/38)
2020-12-02 21:42:50,932 - local_search.py[line:102] - INFO: [n = 8] [ 39/100] step: 8.308 (324/39)	time: 0.001 (0.055/39)
2020-12-02 21:42:50,934 - local_search.py[line:102] - INFO: [n = 8] [ 40/100] step: 8.300 (332/40)	time: 0.001 (0.057/40)
2020-12-02 21:42:50,936 - local_search.py[line:102] - INFO: [n = 8] [ 41/100] step: 8.317 (341/41)	time: 0.001 (0.059/41)
2020-12-02 21:42:50,936 - local_search.py[line:102] - INFO: [n = 8] [ 42/100] step: 8.214 (345/42)	time: 0.001 (0.059/42)
2020-12-02 21:42:50,939 - local_search.py[line:102] - INFO: [n = 8] [ 43/100] step: 8.349 (359/43)	time: 0.001 (0.061/43)
2020-12-02 21:42:50,940 - local_search.py[line:102] - INFO: [n = 8] [ 44/100] step: 8.318 (366/44)	time: 0.001 (0.062/44)
2020-12-02 21:42:50,940 - local_search.py[line:102] - INFO: [n = 8] [ 45/100] step: 8.222 (370/45)	time: 0.001 (0.062/45)
2020-12-02 21:42:50,941 - local_search.py[line:102] - INFO: [n = 8] [ 46/100] step: 8.196 (377/46)	time: 0.001 (0.063/46)
2020-12-02 21:42:50,941 - local_search.py[line:102] - INFO: [n = 8] [ 47/100] step: 8.085 (380/47)	time: 0.001 (0.063/47)
2020-12-02 21:42:50,943 - local_search.py[line:102] - INFO: [n = 8] [ 48/100] step: 8.125 (390/48)	time: 0.001 (0.065/48)
2020-12-02 21:42:50,943 - local_search.py[line:102] - INFO: [n = 8] [ 49/100] step: 8.000 (392/49)	time: 0.001 (0.065/49)
2020-12-02 21:42:50,944 - local_search.py[line:102] - INFO: [n = 8] [ 50/100] step: 7.880 (394/50)	time: 0.001 (0.065/50)
2020-12-02 21:42:50,944 - local_search.py[line:102] - INFO: [n = 8] [ 51/100] step: 7.804 (398/51)	time: 0.001 (0.065/51)
2020-12-02 21:42:50,945 - local_search.py[line:102] - INFO: [n = 8] [ 52/100] step: 7.769 (404/52)	time: 0.001 (0.066/52)
2020-12-02 21:42:50,946 - local_search.py[line:102] - INFO: [n = 8] [ 53/100] step: 7.698 (408/53)	time: 0.001 (0.067/53)
2020-12-02 21:42:50,948 - local_search.py[line:102] - INFO: [n = 8] [ 54/100] step: 7.815 (422/54)	time: 0.001 (0.069/54)
2020-12-02 21:42:50,948 - local_search.py[line:102] - INFO: [n = 8] [ 55/100] step: 7.745 (426/55)	time: 0.001 (0.069/55)
2020-12-02 21:42:50,949 - local_search.py[line:102] - INFO: [n = 8] [ 56/100] step: 7.750 (434/56)	time: 0.001 (0.070/56)
2020-12-02 21:42:50,950 - local_search.py[line:102] - INFO: [n = 8] [ 57/100] step: 7.684 (438/57)	time: 0.001 (0.071/57)
2020-12-02 21:42:50,954 - local_search.py[line:102] - INFO: [n = 8] [ 58/100] step: 8.017 (465/58)	time: 0.001 (0.075/58)
2020-12-02 21:42:50,955 - local_search.py[line:102] - INFO: [n = 8] [ 59/100] step: 7.915 (467/59)	time: 0.001 (0.076/59)
2020-12-02 21:42:50,958 - local_search.py[line:102] - INFO: [n = 8] [ 60/100] step: 8.067 (484/60)	time: 0.001 (0.078/60)
2020-12-02 21:42:50,958 - local_search.py[line:102] - INFO: [n = 8] [ 61/100] step: 7.984 (487/61)	time: 0.001 (0.079/61)
2020-12-02 21:42:50,959 - local_search.py[line:102] - INFO: [n = 8] [ 62/100] step: 7.935 (492/62)	time: 0.001 (0.079/62)
2020-12-02 21:42:50,959 - local_search.py[line:102] - INFO: [n = 8] [ 63/100] step: 7.825 (493/63)	time: 0.001 (0.079/63)
2020-12-02 21:42:50,962 - local_search.py[line:102] - INFO: [n = 8] [ 64/100] step: 8.031 (514/64)	time: 0.001 (0.083/64)
2020-12-02 21:42:50,962 - local_search.py[line:102] - INFO: [n = 8] [ 65/100] step: 7.938 (516/65)	time: 0.001 (0.083/65)
2020-12-02 21:42:50,966 - local_search.py[line:102] - INFO: [n = 8] [ 66/100] step: 8.136 (537/66)	time: 0.001 (0.086/66)
2020-12-02 21:42:50,967 - local_search.py[line:102] - INFO: [n = 8] [ 67/100] step: 8.119 (544/67)	time: 0.001 (0.087/67)
2020-12-02 21:42:50,967 - local_search.py[line:102] - INFO: [n = 8] [ 68/100] step: 8.044 (547/68)	time: 0.001 (0.087/68)
2020-12-02 21:42:50,975 - local_search.py[line:102] - INFO: [n = 8] [ 69/100] step: 8.551 (590/69)	time: 0.001 (0.095/69)
2020-12-02 21:42:50,976 - local_search.py[line:102] - INFO: [n = 8] [ 70/100] step: 8.543 (598/70)	time: 0.001 (0.096/70)
2020-12-02 21:42:50,977 - local_search.py[line:102] - INFO: [n = 8] [ 71/100] step: 8.493 (603/71)	time: 0.001 (0.097/71)
2020-12-02 21:42:50,978 - local_search.py[line:102] - INFO: [n = 8] [ 72/100] step: 8.431 (607/72)	time: 0.001 (0.097/72)
2020-12-02 21:42:50,980 - local_search.py[line:102] - INFO: [n = 8] [ 73/100] step: 8.466 (618/73)	time: 0.001 (0.099/73)
2020-12-02 21:42:50,980 - local_search.py[line:102] - INFO: [n = 8] [ 74/100] step: 8.419 (623/74)	time: 0.001 (0.099/74)
2020-12-02 21:42:50,980 - local_search.py[line:102] - INFO: [n = 8] [ 75/100] step: 8.347 (626/75)	time: 0.001 (0.099/75)
2020-12-02 21:42:50,980 - local_search.py[line:102] - INFO: [n = 8] [ 76/100] step: 8.289 (630/76)	time: 0.001 (0.099/76)
2020-12-02 21:42:50,981 - local_search.py[line:102] - INFO: [n = 8] [ 77/100] step: 8.208 (632/77)	time: 0.001 (0.100/77)
2020-12-02 21:42:50,981 - local_search.py[line:102] - INFO: [n = 8] [ 78/100] step: 8.141 (635/78)	time: 0.001 (0.100/78)
2020-12-02 21:42:50,982 - local_search.py[line:102] - INFO: [n = 8] [ 79/100] step: 8.076 (638/79)	time: 0.001 (0.100/79)
2020-12-02 21:42:50,983 - local_search.py[line:102] - INFO: [n = 8] [ 80/100] step: 8.075 (646/80)	time: 0.001 (0.102/80)
2020-12-02 21:42:50,984 - local_search.py[line:102] - INFO: [n = 8] [ 81/100] step: 8.037 (651/81)	time: 0.001 (0.103/81)
2020-12-02 21:42:50,984 - local_search.py[line:102] - INFO: [n = 8] [ 82/100] step: 7.988 (655/82)	time: 0.001 (0.103/82)
2020-12-02 21:42:50,985 - local_search.py[line:102] - INFO: [n = 8] [ 83/100] step: 7.928 (658/83)	time: 0.001 (0.103/83)
2020-12-02 21:42:50,985 - local_search.py[line:102] - INFO: [n = 8] [ 84/100] step: 7.917 (665/84)	time: 0.001 (0.104/84)
2020-12-02 21:42:50,989 - local_search.py[line:102] - INFO: [n = 8] [ 85/100] step: 8.082 (687/85)	time: 0.001 (0.107/85)
2020-12-02 21:42:50,990 - local_search.py[line:102] - INFO: [n = 8] [ 86/100] step: 8.047 (692/86)	time: 0.001 (0.108/86)
2020-12-02 21:42:50,990 - local_search.py[line:102] - INFO: [n = 8] [ 87/100] step: 8.000 (696/87)	time: 0.001 (0.108/87)
2020-12-02 21:42:50,990 - local_search.py[line:102] - INFO: [n = 8] [ 88/100] step: 7.955 (700/88)	time: 0.001 (0.108/88)
2020-12-02 21:42:50,992 - local_search.py[line:102] - INFO: [n = 8] [ 89/100] step: 7.933 (706/89)	time: 0.001 (0.110/89)
2020-12-02 21:42:50,993 - local_search.py[line:102] - INFO: [n = 8] [ 90/100] step: 7.911 (712/90)	time: 0.001 (0.111/90)
2020-12-02 21:42:50,994 - local_search.py[line:102] - INFO: [n = 8] [ 91/100] step: 7.901 (719/91)	time: 0.001 (0.112/91)
2020-12-02 21:42:50,994 - local_search.py[line:102] - INFO: [n = 8] [ 92/100] step: 7.848 (722/92)	time: 0.001 (0.112/92)
2020-12-02 21:42:50,996 - local_search.py[line:102] - INFO: [n = 8] [ 93/100] step: 7.871 (732/93)	time: 0.001 (0.114/93)
2020-12-02 21:42:50,997 - local_search.py[line:102] - INFO: [n = 8] [ 94/100] step: 7.840 (737/94)	time: 0.001 (0.114/94)
2020-12-02 21:42:50,999 - local_search.py[line:102] - INFO: [n = 8] [ 95/100] step: 7.905 (751/95)	time: 0.001 (0.117/95)
2020-12-02 21:42:51,000 - local_search.py[line:102] - INFO: [n = 8] [ 96/100] step: 7.885 (757/96)	time: 0.001 (0.117/96)
2020-12-02 21:42:51,000 - local_search.py[line:102] - INFO: [n = 8] [ 97/100] step: 7.825 (759/97)	time: 0.001 (0.118/97)
2020-12-02 21:42:51,001 - local_search.py[line:102] - INFO: [n = 8] [ 98/100] step: 7.827 (767/98)	time: 0.001 (0.119/98)
2020-12-02 21:42:51,005 - local_search.py[line:102] - INFO: [n = 8] [ 99/100] step: 7.939 (786/99)	time: 0.001 (0.122/99)
2020-12-02 21:42:51,006 - local_search.py[line:102] - INFO: [n = 8] [100/100] step: 7.910 (791/100)	time: 0.001 (0.123/100)
2020-12-02 21:42:51,006 - local_search.py[line:106] - CRITICAL: [local_search n = 8] average step: 7.91 (791/100)
2020-12-02 21:42:51,006 - local_search.py[line:107] - CRITICAL: [local_search n = 8] average time: 0.0012259316444396973 (0.12259316444396973/100)
2020-12-02 21:42:51,006 - local_search.py[line:95] - CRITICAL: [local_search n = 16]
2020-12-02 21:42:51,009 - local_search.py[line:102] - INFO: [n = 16] [  1/100] step: 11.000 (11/1)	time: 0.003 (0.003/1)
2020-12-02 21:42:51,014 - local_search.py[line:102] - INFO: [n = 16] [  2/100] step: 13.000 (26/2)	time: 0.004 (0.008/2)
2020-12-02 21:42:51,024 - local_search.py[line:102] - INFO: [n = 16] [  3/100] step: 21.333 (64/3)	time: 0.006 (0.018/3)
2020-12-02 21:42:51,027 - local_search.py[line:102] - INFO: [n = 16] [  4/100] step: 19.500 (78/4)	time: 0.005 (0.021/4)
2020-12-02 21:42:51,038 - local_search.py[line:102] - INFO: [n = 16] [  5/100] step: 22.000 (110/5)	time: 0.006 (0.031/5)
2020-12-02 21:42:51,049 - local_search.py[line:102] - INFO: [n = 16] [  6/100] step: 25.667 (154/6)	time: 0.007 (0.043/6)
2020-12-02 21:42:51,052 - local_search.py[line:102] - INFO: [n = 16] [  7/100] step: 23.571 (165/7)	time: 0.006 (0.045/7)
2020-12-02 21:42:51,069 - local_search.py[line:102] - INFO: [n = 16] [  8/100] step: 27.250 (218/8)	time: 0.008 (0.062/8)
2020-12-02 21:42:51,070 - local_search.py[line:102] - INFO: [n = 16] [  9/100] step: 24.778 (223/9)	time: 0.007 (0.063/9)
2020-12-02 21:42:51,080 - local_search.py[line:102] - INFO: [n = 16] [ 10/100] step: 25.700 (257/10)	time: 0.007 (0.073/10)
2020-12-02 21:42:51,100 - local_search.py[line:102] - INFO: [n = 16] [ 11/100] step: 29.636 (326/11)	time: 0.008 (0.093/11)
2020-12-02 21:42:51,123 - local_search.py[line:102] - INFO: [n = 16] [ 12/100] step: 33.083 (397/12)	time: 0.010 (0.115/12)
2020-12-02 21:42:51,126 - local_search.py[line:102] - INFO: [n = 16] [ 13/100] step: 31.385 (408/13)	time: 0.009 (0.119/13)
2020-12-02 21:42:51,135 - local_search.py[line:102] - INFO: [n = 16] [ 14/100] step: 31.214 (437/14)	time: 0.009 (0.128/14)
2020-12-02 21:42:51,141 - local_search.py[line:102] - INFO: [n = 16] [ 15/100] step: 30.933 (464/15)	time: 0.009 (0.134/15)
2020-12-02 21:42:51,143 - local_search.py[line:102] - INFO: [n = 16] [ 16/100] step: 29.562 (473/16)	time: 0.008 (0.135/16)
2020-12-02 21:42:51,147 - local_search.py[line:102] - INFO: [n = 16] [ 17/100] step: 28.941 (492/17)	time: 0.008 (0.139/17)
2020-12-02 21:42:51,154 - local_search.py[line:102] - INFO: [n = 16] [ 18/100] step: 28.667 (516/18)	time: 0.008 (0.146/18)
2020-12-02 21:42:51,157 - local_search.py[line:102] - INFO: [n = 16] [ 19/100] step: 27.684 (526/19)	time: 0.008 (0.149/19)
2020-12-02 21:42:51,184 - local_search.py[line:102] - INFO: [n = 16] [ 20/100] step: 30.700 (614/20)	time: 0.009 (0.176/20)
2020-12-02 21:42:51,192 - local_search.py[line:102] - INFO: [n = 16] [ 21/100] step: 30.857 (648/21)	time: 0.009 (0.184/21)
2020-12-02 21:42:51,224 - local_search.py[line:102] - INFO: [n = 16] [ 22/100] step: 33.455 (736/22)	time: 0.010 (0.216/22)
2020-12-02 21:42:51,229 - local_search.py[line:102] - INFO: [n = 16] [ 23/100] step: 32.957 (758/23)	time: 0.010 (0.220/23)
2020-12-02 21:42:51,241 - local_search.py[line:102] - INFO: [n = 16] [ 24/100] step: 32.708 (785/24)	time: 0.010 (0.232/24)
2020-12-02 21:42:51,248 - local_search.py[line:102] - INFO: [n = 16] [ 25/100] step: 32.360 (809/25)	time: 0.010 (0.239/25)
2020-12-02 21:42:51,260 - local_search.py[line:102] - INFO: [n = 16] [ 26/100] step: 32.500 (845/26)	time: 0.010 (0.251/26)
2020-12-02 21:42:51,274 - local_search.py[line:102] - INFO: [n = 16] [ 27/100] step: 33.111 (894/27)	time: 0.010 (0.266/27)
2020-12-02 21:42:51,276 - local_search.py[line:102] - INFO: [n = 16] [ 28/100] step: 32.179 (901/28)	time: 0.010 (0.267/28)
2020-12-02 21:42:51,307 - local_search.py[line:102] - INFO: [n = 16] [ 29/100] step: 34.690 (1006/29)	time: 0.010 (0.298/29)
2020-12-02 21:42:51,322 - local_search.py[line:102] - INFO: [n = 16] [ 30/100] step: 35.067 (1052/30)	time: 0.010 (0.313/30)
2020-12-02 21:42:51,326 - local_search.py[line:102] - INFO: [n = 16] [ 31/100] step: 34.484 (1069/31)	time: 0.010 (0.317/31)
2020-12-02 21:42:51,330 - local_search.py[line:102] - INFO: [n = 16] [ 32/100] step: 33.844 (1083/32)	time: 0.010 (0.321/32)
2020-12-02 21:42:51,339 - local_search.py[line:102] - INFO: [n = 16] [ 33/100] step: 33.667 (1111/33)	time: 0.010 (0.329/33)
2020-12-02 21:42:51,390 - local_search.py[line:102] - INFO: [n = 16] [ 34/100] step: 37.618 (1279/34)	time: 0.011 (0.380/34)
2020-12-02 21:42:51,416 - local_search.py[line:102] - INFO: [n = 16] [ 35/100] step: 39.057 (1367/35)	time: 0.012 (0.407/35)
2020-12-02 21:42:51,425 - local_search.py[line:102] - INFO: [n = 16] [ 36/100] step: 38.667 (1392/36)	time: 0.012 (0.415/36)
2020-12-02 21:42:51,428 - local_search.py[line:102] - INFO: [n = 16] [ 37/100] step: 37.865 (1401/37)	time: 0.011 (0.418/37)
2020-12-02 21:42:51,440 - local_search.py[line:102] - INFO: [n = 16] [ 38/100] step: 37.868 (1439/38)	time: 0.011 (0.430/38)
2020-12-02 21:42:51,447 - local_search.py[line:102] - INFO: [n = 16] [ 39/100] step: 37.487 (1462/39)	time: 0.011 (0.437/39)
2020-12-02 21:42:51,469 - local_search.py[line:102] - INFO: [n = 16] [ 40/100] step: 38.150 (1526/40)	time: 0.011 (0.459/40)
2020-12-02 21:42:51,473 - local_search.py[line:102] - INFO: [n = 16] [ 41/100] step: 37.561 (1540/41)	time: 0.011 (0.463/41)
2020-12-02 21:42:51,481 - local_search.py[line:102] - INFO: [n = 16] [ 42/100] step: 37.476 (1574/42)	time: 0.011 (0.471/42)
2020-12-02 21:42:51,492 - local_search.py[line:102] - INFO: [n = 16] [ 43/100] step: 37.581 (1616/43)	time: 0.011 (0.482/43)
2020-12-02 21:42:51,501 - local_search.py[line:102] - INFO: [n = 16] [ 44/100] step: 37.545 (1652/44)	time: 0.011 (0.490/44)
2020-12-02 21:42:51,508 - local_search.py[line:102] - INFO: [n = 16] [ 45/100] step: 37.533 (1689/45)	time: 0.011 (0.498/45)
2020-12-02 21:42:51,515 - local_search.py[line:102] - INFO: [n = 16] [ 46/100] step: 37.348 (1718/46)	time: 0.011 (0.505/46)
2020-12-02 21:42:51,517 - local_search.py[line:102] - INFO: [n = 16] [ 47/100] step: 36.702 (1725/47)	time: 0.011 (0.506/47)
2020-12-02 21:42:51,521 - local_search.py[line:102] - INFO: [n = 16] [ 48/100] step: 36.188 (1737/48)	time: 0.011 (0.510/48)
2020-12-02 21:42:51,524 - local_search.py[line:102] - INFO: [n = 16] [ 49/100] step: 35.714 (1750/49)	time: 0.010 (0.513/49)
2020-12-02 21:42:51,555 - local_search.py[line:102] - INFO: [n = 16] [ 50/100] step: 37.200 (1860/50)	time: 0.011 (0.544/50)
2020-12-02 21:42:51,567 - local_search.py[line:102] - INFO: [n = 16] [ 51/100] step: 37.608 (1918/51)	time: 0.011 (0.555/51)
2020-12-02 21:42:51,570 - local_search.py[line:102] - INFO: [n = 16] [ 52/100] step: 37.212 (1935/52)	time: 0.011 (0.559/52)
2020-12-02 21:42:51,589 - local_search.py[line:102] - INFO: [n = 16] [ 53/100] step: 37.849 (2006/53)	time: 0.011 (0.577/53)
2020-12-02 21:42:51,597 - local_search.py[line:102] - INFO: [n = 16] [ 54/100] step: 37.778 (2040/54)	time: 0.011 (0.585/54)
2020-12-02 21:42:51,602 - local_search.py[line:102] - INFO: [n = 16] [ 55/100] step: 37.473 (2061/55)	time: 0.011 (0.591/55)
2020-12-02 21:42:51,609 - local_search.py[line:102] - INFO: [n = 16] [ 56/100] step: 37.143 (2080/56)	time: 0.011 (0.597/56)
2020-12-02 21:42:51,635 - local_search.py[line:102] - INFO: [n = 16] [ 57/100] step: 38.351 (2186/57)	time: 0.011 (0.623/57)
2020-12-02 21:42:51,663 - local_search.py[line:102] - INFO: [n = 16] [ 58/100] step: 39.534 (2293/58)	time: 0.011 (0.650/58)
2020-12-02 21:42:51,666 - local_search.py[line:102] - INFO: [n = 16] [ 59/100] step: 39.102 (2307/59)	time: 0.011 (0.654/59)
2020-12-02 21:42:51,674 - local_search.py[line:102] - INFO: [n = 16] [ 60/100] step: 38.933 (2336/60)	time: 0.011 (0.662/60)
2020-12-02 21:42:51,675 - local_search.py[line:102] - INFO: [n = 16] [ 61/100] step: 38.410 (2343/61)	time: 0.011 (0.663/61)
2020-12-02 21:42:51,697 - local_search.py[line:102] - INFO: [n = 16] [ 62/100] step: 39.258 (2434/62)	time: 0.011 (0.684/62)
2020-12-02 21:42:51,697 - local_search.py[line:102] - INFO: [n = 16] [ 63/100] step: 38.746 (2441/63)	time: 0.011 (0.684/63)
2020-12-02 21:42:51,702 - local_search.py[line:102] - INFO: [n = 16] [ 64/100] step: 38.438 (2460/64)	time: 0.011 (0.690/64)
2020-12-02 21:42:51,710 - local_search.py[line:102] - INFO: [n = 16] [ 65/100] step: 38.323 (2491/65)	time: 0.011 (0.697/65)
2020-12-02 21:42:51,711 - local_search.py[line:102] - INFO: [n = 16] [ 66/100] step: 37.848 (2498/66)	time: 0.011 (0.698/66)
2020-12-02 21:42:51,716 - local_search.py[line:102] - INFO: [n = 16] [ 67/100] step: 37.642 (2522/67)	time: 0.010 (0.702/67)
2020-12-02 21:42:51,720 - local_search.py[line:102] - INFO: [n = 16] [ 68/100] step: 37.353 (2540/68)	time: 0.010 (0.706/68)
2020-12-02 21:42:51,738 - local_search.py[line:102] - INFO: [n = 16] [ 69/100] step: 37.913 (2616/69)	time: 0.011 (0.725/69)
2020-12-02 21:42:51,746 - local_search.py[line:102] - INFO: [n = 16] [ 70/100] step: 37.914 (2654/70)	time: 0.010 (0.732/70)
2020-12-02 21:42:51,750 - local_search.py[line:102] - INFO: [n = 16] [ 71/100] step: 37.592 (2669/71)	time: 0.010 (0.736/71)
2020-12-02 21:42:51,762 - local_search.py[line:102] - INFO: [n = 16] [ 72/100] step: 37.792 (2721/72)	time: 0.010 (0.748/72)
2020-12-02 21:42:51,768 - local_search.py[line:102] - INFO: [n = 16] [ 73/100] step: 37.589 (2744/73)	time: 0.010 (0.754/73)
2020-12-02 21:42:51,771 - local_search.py[line:102] - INFO: [n = 16] [ 74/100] step: 37.230 (2755/74)	time: 0.010 (0.757/74)
2020-12-02 21:42:51,797 - local_search.py[line:102] - INFO: [n = 16] [ 75/100] step: 38.107 (2858/75)	time: 0.010 (0.783/75)
2020-12-02 21:42:51,817 - local_search.py[line:102] - INFO: [n = 16] [ 76/100] step: 38.868 (2954/76)	time: 0.011 (0.803/76)
2020-12-02 21:42:51,822 - local_search.py[line:102] - INFO: [n = 16] [ 77/100] step: 38.662 (2977/77)	time: 0.010 (0.808/77)
2020-12-02 21:42:51,831 - local_search.py[line:102] - INFO: [n = 16] [ 78/100] step: 38.615 (3012/78)	time: 0.010 (0.817/78)
2020-12-02 21:42:51,834 - local_search.py[line:102] - INFO: [n = 16] [ 79/100] step: 38.266 (3023/79)	time: 0.010 (0.820/79)
2020-12-02 21:42:51,843 - local_search.py[line:102] - INFO: [n = 16] [ 80/100] step: 38.138 (3051/80)	time: 0.010 (0.829/80)
2020-12-02 21:42:51,858 - local_search.py[line:102] - INFO: [n = 16] [ 81/100] step: 38.210 (3095/81)	time: 0.010 (0.844/81)
2020-12-02 21:42:51,873 - local_search.py[line:102] - INFO: [n = 16] [ 82/100] step: 38.402 (3149/82)	time: 0.010 (0.858/82)
2020-12-02 21:42:51,882 - local_search.py[line:102] - INFO: [n = 16] [ 83/100] step: 38.506 (3196/83)	time: 0.010 (0.867/83)
2020-12-02 21:42:51,887 - local_search.py[line:102] - INFO: [n = 16] [ 84/100] step: 38.286 (3216/84)	time: 0.010 (0.871/84)
2020-12-02 21:42:51,888 - local_search.py[line:102] - INFO: [n = 16] [ 85/100] step: 37.918 (3223/85)	time: 0.010 (0.873/85)
2020-12-02 21:42:51,891 - local_search.py[line:102] - INFO: [n = 16] [ 86/100] step: 37.698 (3242/86)	time: 0.010 (0.876/86)
2020-12-02 21:42:51,896 - local_search.py[line:102] - INFO: [n = 16] [ 87/100] step: 37.529 (3265/87)	time: 0.010 (0.881/87)
2020-12-02 21:42:51,909 - local_search.py[line:102] - INFO: [n = 16] [ 88/100] step: 37.727 (3320/88)	time: 0.010 (0.893/88)
2020-12-02 21:42:51,919 - local_search.py[line:102] - INFO: [n = 16] [ 89/100] step: 37.685 (3354/89)	time: 0.010 (0.903/89)
2020-12-02 21:42:51,923 - local_search.py[line:102] - INFO: [n = 16] [ 90/100] step: 37.544 (3379/90)	time: 0.010 (0.907/90)
2020-12-02 21:42:51,924 - local_search.py[line:102] - INFO: [n = 16] [ 91/100] step: 37.231 (3388/91)	time: 0.010 (0.908/91)
2020-12-02 21:42:51,925 - local_search.py[line:102] - INFO: [n = 16] [ 92/100] step: 36.870 (3392/92)	time: 0.010 (0.910/92)
2020-12-02 21:42:51,928 - local_search.py[line:102] - INFO: [n = 16] [ 93/100] step: 36.581 (3402/93)	time: 0.010 (0.912/93)
2020-12-02 21:42:51,933 - local_search.py[line:102] - INFO: [n = 16] [ 94/100] step: 36.436 (3425/94)	time: 0.010 (0.917/94)
2020-12-02 21:42:51,942 - local_search.py[line:102] - INFO: [n = 16] [ 95/100] step: 36.432 (3461/95)	time: 0.010 (0.926/95)
2020-12-02 21:42:51,946 - local_search.py[line:102] - INFO: [n = 16] [ 96/100] step: 36.271 (3482/96)	time: 0.010 (0.930/96)
2020-12-02 21:42:51,963 - local_search.py[line:102] - INFO: [n = 16] [ 97/100] step: 36.546 (3545/97)	time: 0.010 (0.946/97)
2020-12-02 21:42:51,983 - local_search.py[line:102] - INFO: [n = 16] [ 98/100] step: 37.071 (3633/98)	time: 0.010 (0.966/98)
2020-12-02 21:42:51,994 - local_search.py[line:102] - INFO: [n = 16] [ 99/100] step: 37.293 (3692/99)	time: 0.010 (0.978/99)
2020-12-02 21:42:52,010 - local_search.py[line:102] - INFO: [n = 16] [100/100] step: 37.610 (3761/100)	time: 0.010 (0.994/100)
2020-12-02 21:42:52,010 - local_search.py[line:106] - CRITICAL: [local_search n = 16] average step: 37.61 (3761/100)
2020-12-02 21:42:52,010 - local_search.py[line:107] - CRITICAL: [local_search n = 16] average time: 0.009935100078582764 (0.9935100078582764/100)
2020-12-02 21:42:52,011 - local_search.py[line:95] - CRITICAL: [local_search n = 32]
2020-12-02 21:42:52,041 - local_search.py[line:102] - INFO: [n = 32] [  1/100] step: 81.000 (81/1)	time: 0.030 (0.030/1)
2020-12-02 21:42:52,066 - local_search.py[line:102] - INFO: [n = 32] [  2/100] step: 70.500 (141/2)	time: 0.028 (0.055/2)
2020-12-02 21:42:52,174 - local_search.py[line:102] - INFO: [n = 32] [  3/100] step: 126.000 (378/3)	time: 0.054 (0.163/3)
2020-12-02 21:42:52,254 - local_search.py[line:102] - INFO: [n = 32] [  4/100] step: 138.750 (555/4)	time: 0.061 (0.243/4)
2020-12-02 21:42:52,279 - local_search.py[line:102] - INFO: [n = 32] [  5/100] step: 122.000 (610/5)	time: 0.053 (0.267/5)
2020-12-02 21:42:52,287 - local_search.py[line:102] - INFO: [n = 32] [  6/100] step: 106.000 (636/6)	time: 0.046 (0.275/6)
2020-12-02 21:42:52,510 - local_search.py[line:102] - INFO: [n = 32] [  7/100] step: 165.286 (1157/7)	time: 0.071 (0.499/7)
2020-12-02 21:42:52,515 - local_search.py[line:102] - INFO: [n = 32] [  8/100] step: 146.750 (1174/8)	time: 0.063 (0.503/8)
2020-12-02 21:42:52,528 - local_search.py[line:102] - INFO: [n = 32] [  9/100] step: 134.333 (1209/9)	time: 0.057 (0.516/9)
2020-12-02 21:42:52,548 - local_search.py[line:102] - INFO: [n = 32] [ 10/100] step: 126.100 (1261/10)	time: 0.054 (0.536/10)
2020-12-02 21:42:52,551 - local_search.py[line:102] - INFO: [n = 32] [ 11/100] step: 116.182 (1278/11)	time: 0.049 (0.539/11)
2020-12-02 21:42:52,614 - local_search.py[line:102] - INFO: [n = 32] [ 12/100] step: 118.083 (1417/12)	time: 0.050 (0.602/12)
2020-12-02 21:42:52,665 - local_search.py[line:102] - INFO: [n = 32] [ 13/100] step: 119.154 (1549/13)	time: 0.050 (0.653/13)
2020-12-02 21:42:52,669 - local_search.py[line:102] - INFO: [n = 32] [ 14/100] step: 111.643 (1563/14)	time: 0.047 (0.657/14)
2020-12-02 21:42:52,673 - local_search.py[line:102] - INFO: [n = 32] [ 15/100] step: 105.000 (1575/15)	time: 0.044 (0.660/15)
2020-12-02 21:42:52,703 - local_search.py[line:102] - INFO: [n = 32] [ 16/100] step: 102.938 (1647/16)	time: 0.043 (0.691/16)
2020-12-02 21:42:52,713 - local_search.py[line:102] - INFO: [n = 32] [ 17/100] step: 98.118 (1668/17)	time: 0.041 (0.700/17)
2020-12-02 21:42:52,722 - local_search.py[line:102] - INFO: [n = 32] [ 18/100] step: 93.833 (1689/18)	time: 0.039 (0.710/18)
2020-12-02 21:42:52,732 - local_search.py[line:102] - INFO: [n = 32] [ 19/100] step: 90.263 (1715/19)	time: 0.038 (0.719/19)
2020-12-02 21:42:52,746 - local_search.py[line:102] - INFO: [n = 32] [ 20/100] step: 87.500 (1750/20)	time: 0.037 (0.733/20)
2020-12-02 21:42:52,783 - local_search.py[line:102] - INFO: [n = 32] [ 21/100] step: 87.810 (1844/21)	time: 0.037 (0.770/21)
2020-12-02 21:42:52,794 - local_search.py[line:102] - INFO: [n = 32] [ 22/100] step: 84.727 (1864/22)	time: 0.036 (0.781/22)
2020-12-02 21:42:52,809 - local_search.py[line:102] - INFO: [n = 32] [ 23/100] step: 82.913 (1907/23)	time: 0.035 (0.795/23)
2020-12-02 21:42:52,833 - local_search.py[line:102] - INFO: [n = 32] [ 24/100] step: 81.625 (1959/24)	time: 0.034 (0.820/24)
2020-12-02 21:42:52,838 - local_search.py[line:102] - INFO: [n = 32] [ 25/100] step: 78.880 (1972/25)	time: 0.033 (0.825/25)
2020-12-02 21:42:52,854 - local_search.py[line:102] - INFO: [n = 32] [ 26/100] step: 77.385 (2012/26)	time: 0.032 (0.840/26)
2020-12-02 21:42:52,907 - local_search.py[line:102] - INFO: [n = 32] [ 27/100] step: 79.185 (2138/27)	time: 0.033 (0.894/27)
2020-12-02 21:42:52,911 - local_search.py[line:102] - INFO: [n = 32] [ 28/100] step: 76.964 (2155/28)	time: 0.032 (0.897/28)
2020-12-02 21:42:52,919 - local_search.py[line:102] - INFO: [n = 32] [ 29/100] step: 75.103 (2178/29)	time: 0.031 (0.905/29)
2020-12-02 21:42:52,946 - local_search.py[line:102] - INFO: [n = 32] [ 30/100] step: 74.800 (2244/30)	time: 0.031 (0.932/30)
2020-12-02 21:42:52,978 - local_search.py[line:102] - INFO: [n = 32] [ 31/100] step: 74.903 (2322/31)	time: 0.031 (0.964/31)
2020-12-02 21:42:53,077 - local_search.py[line:102] - INFO: [n = 32] [ 32/100] step: 80.156 (2565/32)	time: 0.033 (1.063/32)
2020-12-02 21:42:53,091 - local_search.py[line:102] - INFO: [n = 32] [ 33/100] step: 79.212 (2614/33)	time: 0.033 (1.077/33)
2020-12-02 21:42:53,115 - local_search.py[line:102] - INFO: [n = 32] [ 34/100] step: 78.647 (2674/34)	time: 0.032 (1.100/34)
2020-12-02 21:42:53,130 - local_search.py[line:102] - INFO: [n = 32] [ 35/100] step: 77.457 (2711/35)	time: 0.032 (1.115/35)
2020-12-02 21:42:53,146 - local_search.py[line:102] - INFO: [n = 32] [ 36/100] step: 76.250 (2745/36)	time: 0.031 (1.131/36)
2020-12-02 21:42:53,286 - local_search.py[line:102] - INFO: [n = 32] [ 37/100] step: 82.811 (3064/37)	time: 0.034 (1.271/37)
2020-12-02 21:42:53,295 - local_search.py[line:102] - INFO: [n = 32] [ 38/100] step: 81.289 (3089/38)	time: 0.034 (1.280/38)
2020-12-02 21:42:53,331 - local_search.py[line:102] - INFO: [n = 32] [ 39/100] step: 81.308 (3171/39)	time: 0.034 (1.316/39)
2020-12-02 21:42:53,381 - local_search.py[line:102] - INFO: [n = 32] [ 40/100] step: 82.650 (3306/40)	time: 0.034 (1.366/40)
2020-12-02 21:42:53,499 - local_search.py[line:102] - INFO: [n = 32] [ 41/100] step: 86.976 (3566/41)	time: 0.036 (1.484/41)
2020-12-02 21:42:53,599 - local_search.py[line:102] - INFO: [n = 32] [ 42/100] step: 90.381 (3796/42)	time: 0.038 (1.584/42)
2020-12-02 21:42:53,606 - local_search.py[line:102] - INFO: [n = 32] [ 43/100] step: 88.884 (3822/43)	time: 0.037 (1.591/43)
2020-12-02 21:42:53,610 - local_search.py[line:102] - INFO: [n = 32] [ 44/100] step: 87.227 (3838/44)	time: 0.036 (1.595/44)
2020-12-02 21:42:53,760 - local_search.py[line:102] - INFO: [n = 32] [ 45/100] step: 93.178 (4193/45)	time: 0.039 (1.744/45)
2020-12-02 21:42:53,768 - local_search.py[line:102] - INFO: [n = 32] [ 46/100] step: 91.804 (4223/46)	time: 0.038 (1.753/46)
2020-12-02 21:42:53,880 - local_search.py[line:102] - INFO: [n = 32] [ 47/100] step: 95.511 (4489/47)	time: 0.040 (1.865/47)
2020-12-02 21:42:53,883 - local_search.py[line:102] - INFO: [n = 32] [ 48/100] step: 93.792 (4502/48)	time: 0.039 (1.868/48)
2020-12-02 21:42:53,925 - local_search.py[line:102] - INFO: [n = 32] [ 49/100] step: 93.939 (4603/49)	time: 0.039 (1.909/49)
2020-12-02 21:42:53,938 - local_search.py[line:102] - INFO: [n = 32] [ 50/100] step: 92.880 (4644/50)	time: 0.038 (1.922/50)
2020-12-02 21:42:53,948 - local_search.py[line:102] - INFO: [n = 32] [ 51/100] step: 91.490 (4666/51)	time: 0.038 (1.932/51)
2020-12-02 21:42:53,997 - local_search.py[line:102] - INFO: [n = 32] [ 52/100] step: 91.635 (4765/52)	time: 0.038 (1.981/52)
2020-12-02 21:42:54,003 - local_search.py[line:102] - INFO: [n = 32] [ 53/100] step: 90.132 (4777/53)	time: 0.037 (1.987/53)
2020-12-02 21:42:54,034 - local_search.py[line:102] - INFO: [n = 32] [ 54/100] step: 89.889 (4854/54)	time: 0.037 (2.017/54)
2020-12-02 21:42:54,063 - local_search.py[line:102] - INFO: [n = 32] [ 55/100] step: 89.618 (4929/55)	time: 0.037 (2.047/55)
2020-12-02 21:42:54,068 - local_search.py[line:102] - INFO: [n = 32] [ 56/100] step: 88.286 (4944/56)	time: 0.037 (2.051/56)
2020-12-02 21:42:54,088 - local_search.py[line:102] - INFO: [n = 32] [ 57/100] step: 87.737 (5001/57)	time: 0.036 (2.071/57)
2020-12-02 21:42:54,096 - local_search.py[line:102] - INFO: [n = 32] [ 58/100] step: 86.690 (5028/58)	time: 0.036 (2.079/58)
2020-12-02 21:42:54,103 - local_search.py[line:102] - INFO: [n = 32] [ 59/100] step: 85.678 (5055/59)	time: 0.035 (2.086/59)
2020-12-02 21:42:54,123 - local_search.py[line:102] - INFO: [n = 32] [ 60/100] step: 85.217 (5113/60)	time: 0.035 (2.106/60)
2020-12-02 21:42:54,127 - local_search.py[line:102] - INFO: [n = 32] [ 61/100] step: 84.098 (5130/61)	time: 0.035 (2.110/61)
2020-12-02 21:42:54,140 - local_search.py[line:102] - INFO: [n = 32] [ 62/100] step: 83.452 (5174/62)	time: 0.034 (2.122/62)
2020-12-02 21:42:54,164 - local_search.py[line:102] - INFO: [n = 32] [ 63/100] step: 83.238 (5244/63)	time: 0.034 (2.146/63)
2020-12-02 21:42:54,190 - local_search.py[line:102] - INFO: [n = 32] [ 64/100] step: 82.859 (5303/64)	time: 0.034 (2.172/64)
2020-12-02 21:42:54,231 - local_search.py[line:102] - INFO: [n = 32] [ 65/100] step: 83.138 (5404/65)	time: 0.034 (2.214/65)
2020-12-02 21:42:54,273 - local_search.py[line:102] - INFO: [n = 32] [ 66/100] step: 83.424 (5506/66)	time: 0.034 (2.255/66)
2020-12-02 21:42:54,277 - local_search.py[line:102] - INFO: [n = 32] [ 67/100] step: 82.418 (5522/67)	time: 0.034 (2.259/67)
2020-12-02 21:42:54,280 - local_search.py[line:102] - INFO: [n = 32] [ 68/100] step: 81.353 (5532/68)	time: 0.033 (2.263/68)
2020-12-02 21:42:54,283 - local_search.py[line:102] - INFO: [n = 32] [ 69/100] step: 80.377 (5546/69)	time: 0.033 (2.266/69)
2020-12-02 21:42:54,317 - local_search.py[line:102] - INFO: [n = 32] [ 70/100] step: 80.500 (5635/70)	time: 0.033 (2.299/70)
2020-12-02 21:42:54,321 - local_search.py[line:102] - INFO: [n = 32] [ 71/100] step: 79.507 (5645/71)	time: 0.032 (2.303/71)
2020-12-02 21:42:54,363 - local_search.py[line:102] - INFO: [n = 32] [ 72/100] step: 79.889 (5752/72)	time: 0.033 (2.345/72)
2020-12-02 21:42:54,376 - local_search.py[line:102] - INFO: [n = 32] [ 73/100] step: 79.260 (5786/73)	time: 0.032 (2.357/73)
2020-12-02 21:42:54,378 - local_search.py[line:102] - INFO: [n = 32] [ 74/100] step: 78.378 (5800/74)	time: 0.032 (2.359/74)
2020-12-02 21:42:54,393 - local_search.py[line:102] - INFO: [n = 32] [ 75/100] step: 77.840 (5838/75)	time: 0.032 (2.374/75)
2020-12-02 21:42:54,467 - local_search.py[line:102] - INFO: [n = 32] [ 76/100] step: 78.987 (6003/76)	time: 0.032 (2.448/76)
2020-12-02 21:42:54,472 - local_search.py[line:102] - INFO: [n = 32] [ 77/100] step: 78.143 (6017/77)	time: 0.032 (2.454/77)
2020-12-02 21:42:54,510 - local_search.py[line:102] - INFO: [n = 32] [ 78/100] step: 78.256 (6104/78)	time: 0.032 (2.491/78)
2020-12-02 21:42:54,601 - local_search.py[line:102] - INFO: [n = 32] [ 79/100] step: 80.114 (6329/79)	time: 0.033 (2.582/79)
2020-12-02 21:42:54,626 - local_search.py[line:102] - INFO: [n = 32] [ 80/100] step: 79.925 (6394/80)	time: 0.033 (2.607/80)
2020-12-02 21:42:54,688 - local_search.py[line:102] - INFO: [n = 32] [ 81/100] step: 80.840 (6548/81)	time: 0.033 (2.669/81)
2020-12-02 21:42:54,728 - local_search.py[line:102] - INFO: [n = 32] [ 82/100] step: 81.110 (6651/82)	time: 0.033 (2.709/82)
2020-12-02 21:42:54,747 - local_search.py[line:102] - INFO: [n = 32] [ 83/100] step: 80.663 (6695/83)	time: 0.033 (2.727/83)
2020-12-02 21:42:54,882 - local_search.py[line:102] - INFO: [n = 32] [ 84/100] step: 83.369 (7003/84)	time: 0.034 (2.862/84)
2020-12-02 21:42:54,956 - local_search.py[line:102] - INFO: [n = 32] [ 85/100] step: 84.494 (7182/85)	time: 0.035 (2.937/85)
2020-12-02 21:42:54,987 - local_search.py[line:102] - INFO: [n = 32] [ 86/100] step: 84.453 (7263/86)	time: 0.034 (2.967/86)
2020-12-02 21:42:54,997 - local_search.py[line:102] - INFO: [n = 32] [ 87/100] step: 83.782 (7289/87)	time: 0.034 (2.977/87)
2020-12-02 21:42:55,042 - local_search.py[line:102] - INFO: [n = 32] [ 88/100] step: 83.920 (7385/88)	time: 0.034 (3.022/88)
2020-12-02 21:42:55,190 - local_search.py[line:102] - INFO: [n = 32] [ 89/100] step: 87.079 (7750/89)	time: 0.036 (3.169/89)
2020-12-02 21:42:55,198 - local_search.py[line:102] - INFO: [n = 32] [ 90/100] step: 86.444 (7780/90)	time: 0.035 (3.177/90)
2020-12-02 21:42:55,217 - local_search.py[line:102] - INFO: [n = 32] [ 91/100] step: 86.099 (7835/91)	time: 0.035 (3.196/91)
2020-12-02 21:42:55,222 - local_search.py[line:102] - INFO: [n = 32] [ 92/100] step: 85.304 (7848/92)	time: 0.035 (3.201/92)
2020-12-02 21:42:55,230 - local_search.py[line:102] - INFO: [n = 32] [ 93/100] step: 84.720 (7879/93)	time: 0.035 (3.210/93)
2020-12-02 21:42:55,263 - local_search.py[line:102] - INFO: [n = 32] [ 94/100] step: 84.660 (7958/94)	time: 0.034 (3.242/94)
2020-12-02 21:42:55,267 - local_search.py[line:102] - INFO: [n = 32] [ 95/100] step: 83.958 (7976/95)	time: 0.034 (3.246/95)
2020-12-02 21:42:55,287 - local_search.py[line:102] - INFO: [n = 32] [ 96/100] step: 83.677 (8033/96)	time: 0.034 (3.266/96)
2020-12-02 21:42:55,335 - local_search.py[line:102] - INFO: [n = 32] [ 97/100] step: 84.031 (8151/97)	time: 0.034 (3.314/97)
2020-12-02 21:42:55,425 - local_search.py[line:102] - INFO: [n = 32] [ 98/100] step: 85.255 (8355/98)	time: 0.035 (3.404/98)
2020-12-02 21:42:55,457 - local_search.py[line:102] - INFO: [n = 32] [ 99/100] step: 85.172 (8432/99)	time: 0.035 (3.436/99)
2020-12-02 21:42:55,473 - local_search.py[line:102] - INFO: [n = 32] [100/100] step: 84.600 (8460/100)	time: 0.035 (3.451/100)
2020-12-02 21:42:55,473 - local_search.py[line:106] - CRITICAL: [local_search n = 32] average step: 84.6 (8460/100)
2020-12-02 21:42:55,473 - local_search.py[line:107] - CRITICAL: [local_search n = 32] average time: 0.034514071941375735 (3.4514071941375732/100)
2020-12-02 21:42:55,473 - local_search.py[line:95] - CRITICAL: [local_search n = 64]
2020-12-02 21:42:55,533 - local_search.py[line:102] - INFO: [n = 64] [  1/100] step: 85.000 (85/1)	time: 0.059 (0.059/1)
2020-12-02 21:42:55,623 - local_search.py[line:102] - INFO: [n = 64] [  2/100] step: 97.500 (195/2)	time: 0.075 (0.150/2)
2020-12-02 21:42:55,666 - local_search.py[line:102] - INFO: [n = 64] [  3/100] step: 82.000 (246/3)	time: 0.064 (0.193/3)
2020-12-02 21:42:55,688 - local_search.py[line:102] - INFO: [n = 64] [  4/100] step: 67.750 (271/4)	time: 0.054 (0.214/4)
2020-12-02 21:42:55,758 - local_search.py[line:102] - INFO: [n = 64] [  5/100] step: 71.200 (356/5)	time: 0.057 (0.285/5)
2020-12-02 21:42:55,920 - local_search.py[line:102] - INFO: [n = 64] [  6/100] step: 90.167 (541/6)	time: 0.074 (0.446/6)
2020-12-02 21:42:55,954 - local_search.py[line:102] - INFO: [n = 64] [  7/100] step: 85.714 (600/7)	time: 0.069 (0.480/7)
2020-12-02 21:42:56,036 - local_search.py[line:102] - INFO: [n = 64] [  8/100] step: 89.375 (715/8)	time: 0.070 (0.562/8)
2020-12-02 21:42:56,101 - local_search.py[line:102] - INFO: [n = 64] [  9/100] step: 89.000 (801/9)	time: 0.070 (0.626/9)
2020-12-02 21:42:56,165 - local_search.py[line:102] - INFO: [n = 64] [ 10/100] step: 88.200 (882/10)	time: 0.069 (0.691/10)
2020-12-02 21:42:56,337 - local_search.py[line:102] - INFO: [n = 64] [ 11/100] step: 99.364 (1093/11)	time: 0.078 (0.862/11)
2020-12-02 21:42:56,431 - local_search.py[line:102] - INFO: [n = 64] [ 12/100] step: 101.667 (1220/12)	time: 0.080 (0.957/12)
2020-12-02 21:42:56,535 - local_search.py[line:102] - INFO: [n = 64] [ 13/100] step: 103.923 (1351/13)	time: 0.082 (1.060/13)
2020-12-02 21:42:56,575 - local_search.py[line:102] - INFO: [n = 64] [ 14/100] step: 100.643 (1409/14)	time: 0.079 (1.100/14)
2020-12-02 21:42:56,696 - local_search.py[line:102] - INFO: [n = 64] [ 15/100] step: 104.467 (1567/15)	time: 0.081 (1.221/15)
2020-12-02 21:42:56,798 - local_search.py[line:102] - INFO: [n = 64] [ 16/100] step: 107.188 (1715/16)	time: 0.083 (1.323/16)
2020-12-02 21:42:56,836 - local_search.py[line:102] - INFO: [n = 64] [ 17/100] step: 104.059 (1769/17)	time: 0.080 (1.361/17)
2020-12-02 21:42:56,918 - local_search.py[line:102] - INFO: [n = 64] [ 18/100] step: 104.333 (1878/18)	time: 0.080 (1.443/18)
2020-12-02 21:42:56,926 - local_search.py[line:102] - INFO: [n = 64] [ 19/100] step: 100.263 (1905/19)	time: 0.076 (1.451/19)
2020-12-02 21:42:57,002 - local_search.py[line:102] - INFO: [n = 64] [ 20/100] step: 100.750 (2015/20)	time: 0.076 (1.527/20)
2020-12-02 21:42:57,181 - local_search.py[line:102] - INFO: [n = 64] [ 21/100] step: 106.762 (2242/21)	time: 0.081 (1.706/21)
2020-12-02 21:42:57,210 - local_search.py[line:102] - INFO: [n = 64] [ 22/100] step: 104.636 (2302/22)	time: 0.079 (1.734/22)
2020-12-02 21:42:57,273 - local_search.py[line:102] - INFO: [n = 64] [ 23/100] step: 103.739 (2386/23)	time: 0.078 (1.797/23)
2020-12-02 21:42:57,312 - local_search.py[line:102] - INFO: [n = 64] [ 24/100] step: 101.792 (2443/24)	time: 0.077 (1.836/24)
2020-12-02 21:42:57,363 - local_search.py[line:102] - INFO: [n = 64] [ 25/100] step: 100.760 (2519/25)	time: 0.075 (1.887/25)
2020-12-02 21:42:57,466 - local_search.py[line:102] - INFO: [n = 64] [ 26/100] step: 102.462 (2664/26)	time: 0.077 (1.989/26)
2020-12-02 21:42:57,502 - local_search.py[line:102] - INFO: [n = 64] [ 27/100] step: 100.741 (2720/27)	time: 0.075 (2.026/27)
2020-12-02 21:42:57,669 - local_search.py[line:102] - INFO: [n = 64] [ 28/100] step: 104.643 (2930/28)	time: 0.078 (2.193/28)
2020-12-02 21:42:57,868 - local_search.py[line:102] - INFO: [n = 64] [ 29/100] step: 108.966 (3160/29)	time: 0.082 (2.392/29)
2020-12-02 21:42:57,965 - local_search.py[line:102] - INFO: [n = 64] [ 30/100] step: 109.933 (3298/30)	time: 0.083 (2.489/30)
2020-12-02 21:42:58,037 - local_search.py[line:102] - INFO: [n = 64] [ 31/100] step: 109.710 (3401/31)	time: 0.083 (2.560/31)
2020-12-02 21:42:58,073 - local_search.py[line:102] - INFO: [n = 64] [ 32/100] step: 107.969 (3455/32)	time: 0.081 (2.596/32)
2020-12-02 21:42:58,104 - local_search.py[line:102] - INFO: [n = 64] [ 33/100] step: 106.394 (3511/33)	time: 0.080 (2.627/33)
2020-12-02 21:42:58,117 - local_search.py[line:102] - INFO: [n = 64] [ 34/100] step: 104.118 (3540/34)	time: 0.078 (2.640/34)
2020-12-02 21:42:58,134 - local_search.py[line:102] - INFO: [n = 64] [ 35/100] step: 102.000 (3570/35)	time: 0.076 (2.657/35)
2020-12-02 21:42:58,285 - local_search.py[line:102] - INFO: [n = 64] [ 36/100] step: 104.194 (3751/36)	time: 0.078 (2.808/36)
2020-12-02 21:42:58,427 - local_search.py[line:102] - INFO: [n = 64] [ 37/100] step: 106.432 (3938/37)	time: 0.080 (2.949/37)
2020-12-02 21:42:58,525 - local_search.py[line:102] - INFO: [n = 64] [ 38/100] step: 107.105 (4070/38)	time: 0.080 (3.048/38)
2020-12-02 21:42:58,541 - local_search.py[line:102] - INFO: [n = 64] [ 39/100] step: 105.231 (4104/39)	time: 0.079 (3.063/39)
2020-12-02 21:42:58,788 - local_search.py[line:102] - INFO: [n = 64] [ 40/100] step: 110.525 (4421/40)	time: 0.083 (3.310/40)
2020-12-02 21:42:58,861 - local_search.py[line:102] - INFO: [n = 64] [ 41/100] step: 110.463 (4529/41)	time: 0.083 (3.383/41)
2020-12-02 21:42:59,026 - local_search.py[line:102] - INFO: [n = 64] [ 42/100] step: 112.833 (4739/42)	time: 0.084 (3.548/42)
2020-12-02 21:42:59,230 - local_search.py[line:102] - INFO: [n = 64] [ 43/100] step: 116.535 (5011/43)	time: 0.087 (3.752/43)
2020-12-02 21:42:59,281 - local_search.py[line:102] - INFO: [n = 64] [ 44/100] step: 115.750 (5093/44)	time: 0.086 (3.803/44)
2020-12-02 21:42:59,389 - local_search.py[line:102] - INFO: [n = 64] [ 45/100] step: 116.200 (5229/45)	time: 0.087 (3.911/45)
2020-12-02 21:42:59,457 - local_search.py[line:102] - INFO: [n = 64] [ 46/100] step: 115.413 (5309/46)	time: 0.086 (3.978/46)
2020-12-02 21:42:59,664 - local_search.py[line:102] - INFO: [n = 64] [ 47/100] step: 118.064 (5549/47)	time: 0.089 (4.185/47)
2020-12-02 21:42:59,722 - local_search.py[line:102] - INFO: [n = 64] [ 48/100] step: 117.208 (5626/48)	time: 0.088 (4.244/48)
2020-12-02 21:42:59,905 - local_search.py[line:102] - INFO: [n = 64] [ 49/100] step: 119.122 (5837/49)	time: 0.090 (4.426/49)
2020-12-02 21:42:59,941 - local_search.py[line:102] - INFO: [n = 64] [ 50/100] step: 117.700 (5885/50)	time: 0.089 (4.462/50)
2020-12-02 21:43:00,080 - local_search.py[line:102] - INFO: [n = 64] [ 51/100] step: 118.686 (6053/51)	time: 0.090 (4.600/51)
2020-12-02 21:43:00,124 - local_search.py[line:102] - INFO: [n = 64] [ 52/100] step: 117.519 (6111/52)	time: 0.089 (4.645/52)
2020-12-02 21:43:00,230 - local_search.py[line:102] - INFO: [n = 64] [ 53/100] step: 117.774 (6242/53)	time: 0.090 (4.751/53)
2020-12-02 21:43:00,267 - local_search.py[line:102] - INFO: [n = 64] [ 54/100] step: 116.685 (6301/54)	time: 0.089 (4.788/54)
2020-12-02 21:43:00,287 - local_search.py[line:102] - INFO: [n = 64] [ 55/100] step: 115.055 (6328/55)	time: 0.087 (4.808/55)
2020-12-02 21:43:00,305 - local_search.py[line:102] - INFO: [n = 64] [ 56/100] step: 113.518 (6357/56)	time: 0.086 (4.825/56)
2020-12-02 21:43:00,378 - local_search.py[line:102] - INFO: [n = 64] [ 57/100] step: 113.368 (6462/57)	time: 0.086 (4.898/57)
2020-12-02 21:43:00,432 - local_search.py[line:102] - INFO: [n = 64] [ 58/100] step: 112.638 (6533/58)	time: 0.085 (4.952/58)
2020-12-02 21:43:00,445 - local_search.py[line:102] - INFO: [n = 64] [ 59/100] step: 111.203 (6561/59)	time: 0.084 (4.965/59)
2020-12-02 21:43:00,613 - local_search.py[line:102] - INFO: [n = 64] [ 60/100] step: 113.033 (6782/60)	time: 0.086 (5.133/60)
2020-12-02 21:43:00,665 - local_search.py[line:102] - INFO: [n = 64] [ 61/100] step: 112.443 (6859/61)	time: 0.085 (5.184/61)
2020-12-02 21:43:00,784 - local_search.py[line:102] - INFO: [n = 64] [ 62/100] step: 113.000 (7006/62)	time: 0.086 (5.304/62)
2020-12-02 21:43:00,801 - local_search.py[line:102] - INFO: [n = 64] [ 63/100] step: 111.635 (7033/63)	time: 0.084 (5.321/63)
2020-12-02 21:43:00,820 - local_search.py[line:102] - INFO: [n = 64] [ 64/100] step: 110.297 (7059/64)	time: 0.083 (5.340/64)
2020-12-02 21:43:01,003 - local_search.py[line:102] - INFO: [n = 64] [ 65/100] step: 112.200 (7293/65)	time: 0.085 (5.522/65)
2020-12-02 21:43:01,057 - local_search.py[line:102] - INFO: [n = 64] [ 66/100] step: 111.712 (7373/66)	time: 0.084 (5.577/66)
2020-12-02 21:43:01,161 - local_search.py[line:102] - INFO: [n = 64] [ 67/100] step: 112.194 (7517/67)	time: 0.085 (5.680/67)
2020-12-02 21:43:01,173 - local_search.py[line:102] - INFO: [n = 64] [ 68/100] step: 110.838 (7537/68)	time: 0.084 (5.692/68)
2020-12-02 21:43:01,249 - local_search.py[line:102] - INFO: [n = 64] [ 69/100] step: 110.783 (7644/69)	time: 0.084 (5.768/69)
2020-12-02 21:43:01,310 - local_search.py[line:102] - INFO: [n = 64] [ 70/100] step: 110.329 (7723/70)	time: 0.083 (5.829/70)
2020-12-02 21:43:01,324 - local_search.py[line:102] - INFO: [n = 64] [ 71/100] step: 109.155 (7750/71)	time: 0.082 (5.842/71)
2020-12-02 21:43:01,465 - local_search.py[line:102] - INFO: [n = 64] [ 72/100] step: 110.097 (7927/72)	time: 0.083 (5.984/72)
2020-12-02 21:43:01,487 - local_search.py[line:102] - INFO: [n = 64] [ 73/100] step: 109.014 (7958/73)	time: 0.082 (6.005/73)
2020-12-02 21:43:01,671 - local_search.py[line:102] - INFO: [n = 64] [ 74/100] step: 110.689 (8191/74)	time: 0.084 (6.189/74)
2020-12-02 21:43:01,717 - local_search.py[line:102] - INFO: [n = 64] [ 75/100] step: 109.933 (8245/75)	time: 0.083 (6.235/75)
2020-12-02 21:43:01,730 - local_search.py[line:102] - INFO: [n = 64] [ 76/100] step: 108.789 (8268/76)	time: 0.082 (6.249/76)
2020-12-02 21:43:01,806 - local_search.py[line:102] - INFO: [n = 64] [ 77/100] step: 108.727 (8372/77)	time: 0.082 (6.324/77)
2020-12-02 21:43:01,847 - local_search.py[line:102] - INFO: [n = 64] [ 78/100] step: 107.987 (8423/78)	time: 0.082 (6.365/78)
2020-12-02 21:43:02,132 - local_search.py[line:102] - INFO: [n = 64] [ 79/100] step: 111.000 (8769/79)	time: 0.084 (6.650/79)
2020-12-02 21:43:02,150 - local_search.py[line:102] - INFO: [n = 64] [ 80/100] step: 109.987 (8799/80)	time: 0.083 (6.668/80)
2020-12-02 21:43:02,421 - local_search.py[line:102] - INFO: [n = 64] [ 81/100] step: 112.778 (9135/81)	time: 0.086 (6.939/81)
2020-12-02 21:43:02,432 - local_search.py[line:102] - INFO: [n = 64] [ 82/100] step: 111.707 (9160/82)	time: 0.085 (6.950/82)
2020-12-02 21:43:02,545 - local_search.py[line:102] - INFO: [n = 64] [ 83/100] step: 112.157 (9309/83)	time: 0.085 (7.062/83)
2020-12-02 21:43:02,556 - local_search.py[line:102] - INFO: [n = 64] [ 84/100] step: 111.131 (9335/84)	time: 0.084 (7.073/84)
2020-12-02 21:43:02,901 - local_search.py[line:102] - INFO: [n = 64] [ 85/100] step: 114.953 (9771/85)	time: 0.087 (7.419/85)
2020-12-02 21:43:02,918 - local_search.py[line:102] - INFO: [n = 64] [ 86/100] step: 113.988 (9803/86)	time: 0.086 (7.435/86)
2020-12-02 21:43:02,933 - local_search.py[line:102] - INFO: [n = 64] [ 87/100] step: 112.989 (9830/87)	time: 0.086 (7.451/87)
2020-12-02 21:43:02,969 - local_search.py[line:102] - INFO: [n = 64] [ 88/100] step: 112.352 (9887/88)	time: 0.085 (7.486/88)
2020-12-02 21:43:03,013 - local_search.py[line:102] - INFO: [n = 64] [ 89/100] step: 111.652 (9937/89)	time: 0.085 (7.530/89)
2020-12-02 21:43:03,055 - local_search.py[line:102] - INFO: [n = 64] [ 90/100] step: 110.989 (9989/90)	time: 0.084 (7.572/90)
2020-12-02 21:43:03,199 - local_search.py[line:102] - INFO: [n = 64] [ 91/100] step: 111.747 (10169/91)	time: 0.085 (7.716/91)
2020-12-02 21:43:03,318 - local_search.py[line:102] - INFO: [n = 64] [ 92/100] step: 112.022 (10306/92)	time: 0.085 (7.835/92)
2020-12-02 21:43:03,453 - local_search.py[line:102] - INFO: [n = 64] [ 93/100] step: 112.602 (10472/93)	time: 0.086 (7.970/93)
2020-12-02 21:43:03,521 - local_search.py[line:102] - INFO: [n = 64] [ 94/100] step: 112.266 (10553/94)	time: 0.086 (8.037/94)
2020-12-02 21:43:03,537 - local_search.py[line:102] - INFO: [n = 64] [ 95/100] step: 111.421 (10585/95)	time: 0.085 (8.053/95)
2020-12-02 21:43:03,621 - local_search.py[line:102] - INFO: [n = 64] [ 96/100] step: 111.396 (10694/96)	time: 0.085 (8.137/96)
2020-12-02 21:43:03,666 - local_search.py[line:102] - INFO: [n = 64] [ 97/100] step: 110.845 (10752/97)	time: 0.084 (8.182/97)
2020-12-02 21:43:03,706 - local_search.py[line:102] - INFO: [n = 64] [ 98/100] step: 110.276 (10807/98)	time: 0.084 (8.222/98)
2020-12-02 21:43:03,765 - local_search.py[line:102] - INFO: [n = 64] [ 99/100] step: 109.919 (10882/99)	time: 0.084 (8.281/99)
2020-12-02 21:43:03,844 - local_search.py[line:102] - INFO: [n = 64] [100/100] step: 109.950 (10995/100)	time: 0.084 (8.360/100)
2020-12-02 21:43:03,844 - local_search.py[line:106] - CRITICAL: [local_search n = 64] average step: 109.95 (10995/100)
2020-12-02 21:43:03,844 - local_search.py[line:107] - CRITICAL: [local_search n = 64] average time: 0.08359650611877441 (8.359650611877441/100)
2020-12-02 21:43:03,844 - local_search.py[line:95] - CRITICAL: [local_search n = 100]
2020-12-02 21:43:04,068 - local_search.py[line:102] - INFO: [n = 100] [  1/100] step: 212.000 (212/1)	time: 0.224 (0.224/1)
2020-12-02 21:43:04,421 - local_search.py[line:102] - INFO: [n = 100] [  2/100] step: 258.500 (517/2)	time: 0.288 (0.576/2)
2020-12-02 21:43:04,456 - local_search.py[line:102] - INFO: [n = 100] [  3/100] step: 187.000 (561/3)	time: 0.204 (0.611/3)
2020-12-02 21:43:04,479 - local_search.py[line:102] - INFO: [n = 100] [  4/100] step: 152.500 (610/4)	time: 0.159 (0.634/4)
2020-12-02 21:43:04,918 - local_search.py[line:102] - INFO: [n = 100] [  5/100] step: 199.800 (999/5)	time: 0.215 (1.073/5)
2020-12-02 21:43:04,958 - local_search.py[line:102] - INFO: [n = 100] [  6/100] step: 173.000 (1038/6)	time: 0.186 (1.113/6)
2020-12-02 21:43:04,976 - local_search.py[line:102] - INFO: [n = 100] [  7/100] step: 153.429 (1074/7)	time: 0.162 (1.131/7)
2020-12-02 21:43:05,057 - local_search.py[line:102] - INFO: [n = 100] [  8/100] step: 145.250 (1162/8)	time: 0.151 (1.212/8)
2020-12-02 21:43:05,102 - local_search.py[line:102] - INFO: [n = 100] [  9/100] step: 133.889 (1205/9)	time: 0.140 (1.257/9)
2020-12-02 21:43:05,276 - local_search.py[line:102] - INFO: [n = 100] [ 10/100] step: 137.100 (1371/10)	time: 0.143 (1.431/10)
2020-12-02 21:43:05,588 - local_search.py[line:102] - INFO: [n = 100] [ 11/100] step: 148.727 (1636/11)	time: 0.158 (1.743/11)
2020-12-02 21:43:05,720 - local_search.py[line:102] - INFO: [n = 100] [ 12/100] step: 145.917 (1751/12)	time: 0.156 (1.875/12)
2020-12-02 21:43:05,743 - local_search.py[line:102] - INFO: [n = 100] [ 13/100] step: 137.846 (1792/13)	time: 0.146 (1.897/13)
2020-12-02 21:43:05,949 - local_search.py[line:102] - INFO: [n = 100] [ 14/100] step: 140.786 (1971/14)	time: 0.150 (2.103/14)
2020-12-02 21:43:06,131 - local_search.py[line:102] - INFO: [n = 100] [ 15/100] step: 143.467 (2152/15)	time: 0.152 (2.285/15)
2020-12-02 21:43:06,150 - local_search.py[line:102] - INFO: [n = 100] [ 16/100] step: 137.000 (2192/16)	time: 0.144 (2.304/16)
2020-12-02 21:43:06,336 - local_search.py[line:102] - INFO: [n = 100] [ 17/100] step: 138.706 (2358/17)	time: 0.146 (2.490/17)
2020-12-02 21:43:06,564 - local_search.py[line:102] - INFO: [n = 100] [ 18/100] step: 142.500 (2565/18)	time: 0.151 (2.718/18)
2020-12-02 21:43:06,593 - local_search.py[line:102] - INFO: [n = 100] [ 19/100] step: 137.526 (2613/19)	time: 0.145 (2.747/19)
2020-12-02 21:43:06,690 - local_search.py[line:102] - INFO: [n = 100] [ 20/100] step: 134.900 (2698/20)	time: 0.142 (2.844/20)
2020-12-02 21:43:06,935 - local_search.py[line:102] - INFO: [n = 100] [ 21/100] step: 138.190 (2902/21)	time: 0.147 (3.088/21)
2020-12-02 21:43:07,009 - local_search.py[line:102] - INFO: [n = 100] [ 22/100] step: 135.909 (2990/22)	time: 0.144 (3.163/22)
2020-12-02 21:43:07,034 - local_search.py[line:102] - INFO: [n = 100] [ 23/100] step: 131.826 (3032/23)	time: 0.139 (3.187/23)
2020-12-02 21:43:07,205 - local_search.py[line:102] - INFO: [n = 100] [ 24/100] step: 132.292 (3175/24)	time: 0.140 (3.358/24)
2020-12-02 21:43:07,298 - local_search.py[line:102] - INFO: [n = 100] [ 25/100] step: 130.400 (3260/25)	time: 0.138 (3.450/25)
2020-12-02 21:43:07,349 - local_search.py[line:102] - INFO: [n = 100] [ 26/100] step: 127.038 (3303/26)	time: 0.135 (3.502/26)
2020-12-02 21:43:07,569 - local_search.py[line:102] - INFO: [n = 100] [ 27/100] step: 128.926 (3481/27)	time: 0.138 (3.721/27)
2020-12-02 21:43:07,730 - local_search.py[line:102] - INFO: [n = 100] [ 28/100] step: 129.000 (3612/28)	time: 0.139 (3.882/28)
2020-12-02 21:43:08,096 - local_search.py[line:102] - INFO: [n = 100] [ 29/100] step: 134.862 (3911/29)	time: 0.147 (4.249/29)
2020-12-02 21:43:08,166 - local_search.py[line:102] - INFO: [n = 100] [ 30/100] step: 133.200 (3996/30)	time: 0.144 (4.318/30)
2020-12-02 21:43:08,328 - local_search.py[line:102] - INFO: [n = 100] [ 31/100] step: 133.097 (4126/31)	time: 0.145 (4.480/31)
2020-12-02 21:43:08,376 - local_search.py[line:102] - INFO: [n = 100] [ 32/100] step: 130.156 (4165/32)	time: 0.142 (4.528/32)
2020-12-02 21:43:08,454 - local_search.py[line:102] - INFO: [n = 100] [ 33/100] step: 128.939 (4255/33)	time: 0.140 (4.606/33)
2020-12-02 21:43:08,593 - local_search.py[line:102] - INFO: [n = 100] [ 34/100] step: 128.941 (4384/34)	time: 0.140 (4.744/34)
2020-12-02 21:43:08,635 - local_search.py[line:102] - INFO: [n = 100] [ 35/100] step: 126.457 (4426/35)	time: 0.137 (4.786/35)
2020-12-02 21:43:08,823 - local_search.py[line:102] - INFO: [n = 100] [ 36/100] step: 128.222 (4616/36)	time: 0.138 (4.974/36)
2020-12-02 21:43:08,846 - local_search.py[line:102] - INFO: [n = 100] [ 37/100] step: 125.865 (4657/37)	time: 0.135 (4.997/37)
2020-12-02 21:43:08,873 - local_search.py[line:102] - INFO: [n = 100] [ 38/100] step: 123.632 (4698/38)	time: 0.132 (5.025/38)
2020-12-02 21:43:08,913 - local_search.py[line:102] - INFO: [n = 100] [ 39/100] step: 121.692 (4746/39)	time: 0.130 (5.064/39)
2020-12-02 21:43:08,946 - local_search.py[line:102] - INFO: [n = 100] [ 40/100] step: 119.700 (4788/40)	time: 0.127 (5.097/40)
2020-12-02 21:43:09,237 - local_search.py[line:102] - INFO: [n = 100] [ 41/100] step: 123.488 (5063/41)	time: 0.131 (5.388/41)
2020-12-02 21:43:09,373 - local_search.py[line:102] - INFO: [n = 100] [ 42/100] step: 123.714 (5196/42)	time: 0.132 (5.524/42)
2020-12-02 21:43:09,393 - local_search.py[line:102] - INFO: [n = 100] [ 43/100] step: 121.814 (5238/43)	time: 0.129 (5.544/43)
2020-12-02 21:43:09,468 - local_search.py[line:102] - INFO: [n = 100] [ 44/100] step: 120.909 (5320/44)	time: 0.128 (5.618/44)
2020-12-02 21:43:09,500 - local_search.py[line:102] - INFO: [n = 100] [ 45/100] step: 119.289 (5368/45)	time: 0.126 (5.651/45)
2020-12-02 21:43:09,800 - local_search.py[line:102] - INFO: [n = 100] [ 46/100] step: 122.500 (5635/46)	time: 0.129 (5.950/46)
2020-12-02 21:43:09,841 - local_search.py[line:102] - INFO: [n = 100] [ 47/100] step: 120.809 (5678/47)	time: 0.127 (5.991/47)
2020-12-02 21:43:10,080 - local_search.py[line:102] - INFO: [n = 100] [ 48/100] step: 122.729 (5891/48)	time: 0.130 (6.230/48)
2020-12-02 21:43:10,162 - local_search.py[line:102] - INFO: [n = 100] [ 49/100] step: 121.959 (5976/49)	time: 0.129 (6.312/49)
2020-12-02 21:43:10,192 - local_search.py[line:102] - INFO: [n = 100] [ 50/100] step: 120.340 (6017/50)	time: 0.127 (6.342/50)
2020-12-02 21:43:10,520 - local_search.py[line:102] - INFO: [n = 100] [ 51/100] step: 124.255 (6337/51)	time: 0.131 (6.670/51)
2020-12-02 21:43:10,544 - local_search.py[line:102] - INFO: [n = 100] [ 52/100] step: 122.673 (6379/52)	time: 0.129 (6.693/52)
2020-12-02 21:43:10,720 - local_search.py[line:102] - INFO: [n = 100] [ 53/100] step: 123.698 (6556/53)	time: 0.130 (6.869/53)
2020-12-02 21:43:10,916 - local_search.py[line:102] - INFO: [n = 100] [ 54/100] step: 124.852 (6742/54)	time: 0.131 (7.066/54)
2020-12-02 21:43:10,931 - local_search.py[line:102] - INFO: [n = 100] [ 55/100] step: 123.382 (6786/55)	time: 0.129 (7.080/55)
2020-12-02 21:43:10,947 - local_search.py[line:102] - INFO: [n = 100] [ 56/100] step: 121.946 (6829/56)	time: 0.127 (7.096/56)
2020-12-02 21:43:11,260 - local_search.py[line:102] - INFO: [n = 100] [ 57/100] step: 124.702 (7108/57)	time: 0.130 (7.410/57)
2020-12-02 21:43:11,295 - local_search.py[line:102] - INFO: [n = 100] [ 58/100] step: 123.379 (7156/58)	time: 0.128 (7.444/58)
2020-12-02 21:43:11,341 - local_search.py[line:102] - INFO: [n = 100] [ 59/100] step: 122.000 (7198/59)	time: 0.127 (7.490/59)
2020-12-02 21:43:11,559 - local_search.py[line:102] - INFO: [n = 100] [ 60/100] step: 123.433 (7406/60)	time: 0.128 (7.708/60)
2020-12-02 21:43:11,747 - local_search.py[line:102] - INFO: [n = 100] [ 61/100] step: 124.066 (7568/61)	time: 0.129 (7.896/61)
2020-12-02 21:43:11,869 - local_search.py[line:102] - INFO: [n = 100] [ 62/100] step: 124.194 (7700/62)	time: 0.129 (8.017/62)
2020-12-02 21:43:12,373 - local_search.py[line:102] - INFO: [n = 100] [ 63/100] step: 129.048 (8130/63)	time: 0.135 (8.521/63)
2020-12-02 21:43:12,560 - local_search.py[line:102] - INFO: [n = 100] [ 64/100] step: 129.719 (8302/64)	time: 0.136 (8.709/64)
2020-12-02 21:43:12,588 - local_search.py[line:102] - INFO: [n = 100] [ 65/100] step: 128.338 (8342/65)	time: 0.134 (8.736/65)
2020-12-02 21:43:12,614 - local_search.py[line:102] - INFO: [n = 100] [ 66/100] step: 127.000 (8382/66)	time: 0.133 (8.762/66)
2020-12-02 21:43:12,626 - local_search.py[line:102] - INFO: [n = 100] [ 67/100] step: 125.731 (8424/67)	time: 0.131 (8.774/67)
2020-12-02 21:43:12,709 - local_search.py[line:102] - INFO: [n = 100] [ 68/100] step: 125.235 (8516/68)	time: 0.130 (8.857/68)
2020-12-02 21:43:12,757 - local_search.py[line:102] - INFO: [n = 100] [ 69/100] step: 124.116 (8564/69)	time: 0.129 (8.905/69)
2020-12-02 21:43:13,094 - local_search.py[line:102] - INFO: [n = 100] [ 70/100] step: 126.829 (8878/70)	time: 0.132 (9.242/70)
2020-12-02 21:43:13,174 - local_search.py[line:102] - INFO: [n = 100] [ 71/100] step: 126.211 (8961/71)	time: 0.131 (9.322/71)
2020-12-02 21:43:13,202 - local_search.py[line:102] - INFO: [n = 100] [ 72/100] step: 125.097 (9007/72)	time: 0.130 (9.349/72)
2020-12-02 21:43:13,235 - local_search.py[line:102] - INFO: [n = 100] [ 73/100] step: 123.973 (9050/73)	time: 0.129 (9.383/73)
2020-12-02 21:43:13,378 - local_search.py[line:102] - INFO: [n = 100] [ 74/100] step: 124.000 (9176/74)	time: 0.129 (9.525/74)
2020-12-02 21:43:13,420 - local_search.py[line:102] - INFO: [n = 100] [ 75/100] step: 123.013 (9226/75)	time: 0.128 (9.567/75)
2020-12-02 21:43:13,451 - local_search.py[line:102] - INFO: [n = 100] [ 76/100] step: 121.934 (9267/76)	time: 0.126 (9.598/76)
2020-12-02 21:43:13,628 - local_search.py[line:102] - INFO: [n = 100] [ 77/100] step: 122.688 (9447/77)	time: 0.127 (9.775/77)
2020-12-02 21:43:13,719 - local_search.py[line:102] - INFO: [n = 100] [ 78/100] step: 122.192 (9531/78)	time: 0.126 (9.866/78)
2020-12-02 21:43:13,887 - local_search.py[line:102] - INFO: [n = 100] [ 79/100] step: 122.570 (9683/79)	time: 0.127 (10.034/79)
2020-12-02 21:43:14,005 - local_search.py[line:102] - INFO: [n = 100] [ 80/100] step: 122.750 (9820/80)	time: 0.127 (10.151/80)
2020-12-02 21:43:14,096 - local_search.py[line:102] - INFO: [n = 100] [ 81/100] step: 122.420 (9916/81)	time: 0.126 (10.242/81)
2020-12-02 21:43:14,233 - local_search.py[line:102] - INFO: [n = 100] [ 82/100] step: 122.634 (10056/82)	time: 0.127 (10.379/82)
2020-12-02 21:43:14,337 - local_search.py[line:102] - INFO: [n = 100] [ 83/100] step: 122.205 (10143/83)	time: 0.126 (10.483/83)
2020-12-02 21:43:14,372 - local_search.py[line:102] - INFO: [n = 100] [ 84/100] step: 121.286 (10188/84)	time: 0.125 (10.518/84)
2020-12-02 21:43:14,398 - local_search.py[line:102] - INFO: [n = 100] [ 85/100] step: 120.388 (10233/85)	time: 0.124 (10.544/85)
2020-12-02 21:43:14,526 - local_search.py[line:102] - INFO: [n = 100] [ 86/100] step: 120.570 (10369/86)	time: 0.124 (10.672/86)
2020-12-02 21:43:14,661 - local_search.py[line:102] - INFO: [n = 100] [ 87/100] step: 120.759 (10506/87)	time: 0.124 (10.807/87)
2020-12-02 21:43:14,771 - local_search.py[line:102] - INFO: [n = 100] [ 88/100] step: 120.455 (10600/88)	time: 0.124 (10.917/88)
2020-12-02 21:43:14,853 - local_search.py[line:102] - INFO: [n = 100] [ 89/100] step: 120.034 (10683/89)	time: 0.124 (10.999/89)
2020-12-02 21:43:14,874 - local_search.py[line:102] - INFO: [n = 100] [ 90/100] step: 119.244 (10732/90)	time: 0.122 (11.019/90)
2020-12-02 21:43:14,905 - local_search.py[line:102] - INFO: [n = 100] [ 91/100] step: 118.451 (10779/91)	time: 0.121 (11.051/91)
2020-12-02 21:43:15,172 - local_search.py[line:102] - INFO: [n = 100] [ 92/100] step: 119.478 (10992/92)	time: 0.123 (11.317/92)
2020-12-02 21:43:15,386 - local_search.py[line:102] - INFO: [n = 100] [ 93/100] step: 120.118 (11171/93)	time: 0.124 (11.531/93)
2020-12-02 21:43:15,481 - local_search.py[line:102] - INFO: [n = 100] [ 94/100] step: 119.755 (11257/94)	time: 0.124 (11.626/94)
2020-12-02 21:43:15,628 - local_search.py[line:102] - INFO: [n = 100] [ 95/100] step: 119.926 (11393/95)	time: 0.124 (11.773/95)
2020-12-02 21:43:15,953 - local_search.py[line:102] - INFO: [n = 100] [ 96/100] step: 121.469 (11661/96)	time: 0.126 (12.097/96)
2020-12-02 21:43:15,980 - local_search.py[line:102] - INFO: [n = 100] [ 97/100] step: 120.670 (11705/97)	time: 0.125 (12.124/97)
2020-12-02 21:43:16,463 - local_search.py[line:102] - INFO: [n = 100] [ 98/100] step: 123.765 (12129/98)	time: 0.129 (12.607/98)
2020-12-02 21:43:16,579 - local_search.py[line:102] - INFO: [n = 100] [ 99/100] step: 123.768 (12253/99)	time: 0.129 (12.723/99)
2020-12-02 21:43:16,667 - local_search.py[line:102] - INFO: [n = 100] [100/100] step: 123.350 (12335/100)	time: 0.128 (12.811/100)
2020-12-02 21:43:16,668 - local_search.py[line:106] - CRITICAL: [local_search n = 100] average step: 123.35 (12335/100)
2020-12-02 21:43:16,668 - local_search.py[line:107] - CRITICAL: [local_search n = 100] average time: 0.12811464786529542 (12.811464786529541/100)
2020-12-02 21:43:16,668 - local_search.py[line:95] - CRITICAL: [local_search n = 1000]
2020-12-02 21:43:17,732 - local_search.py[line:102] - INFO: [n = 1000] [  1/100] step: 465.000 (465/1)	time: 1.064 (1.064/1)
2020-12-02 21:43:19,053 - local_search.py[line:102] - INFO: [n = 1000] [  2/100] step: 451.000 (902/2)	time: 1.193 (2.385/2)
2020-12-02 21:43:20,155 - local_search.py[line:102] - INFO: [n = 1000] [  3/100] step: 450.667 (1352/3)	time: 1.162 (3.486/3)
2020-12-02 21:43:21,051 - local_search.py[line:102] - INFO: [n = 1000] [  4/100] step: 446.000 (1784/4)	time: 1.096 (4.383/4)
2020-12-02 21:43:21,703 - local_search.py[line:102] - INFO: [n = 1000] [  5/100] step: 447.400 (2237/5)	time: 1.007 (5.034/5)
2020-12-02 21:43:22,289 - local_search.py[line:102] - INFO: [n = 1000] [  6/100] step: 446.667 (2680/6)	time: 0.937 (5.620/6)
2020-12-02 21:43:23,518 - local_search.py[line:102] - INFO: [n = 1000] [  7/100] step: 449.286 (3145/7)	time: 0.978 (6.849/7)
2020-12-02 21:43:24,523 - local_search.py[line:102] - INFO: [n = 1000] [  8/100] step: 447.000 (3576/8)	time: 0.982 (7.854/8)
2020-12-02 21:43:25,794 - local_search.py[line:102] - INFO: [n = 1000] [  9/100] step: 447.111 (4024/9)	time: 1.014 (9.124/9)
2020-12-02 21:43:26,939 - local_search.py[line:102] - INFO: [n = 1000] [ 10/100] step: 448.700 (4487/10)	time: 1.027 (10.269/10)
2020-12-02 21:43:28,883 - local_search.py[line:102] - INFO: [n = 1000] [ 11/100] step: 446.273 (4909/11)	time: 1.110 (12.213/11)
2020-12-02 21:43:29,695 - local_search.py[line:102] - INFO: [n = 1000] [ 12/100] step: 445.333 (5344/12)	time: 1.085 (13.024/12)
2020-12-02 21:43:30,409 - local_search.py[line:102] - INFO: [n = 1000] [ 13/100] step: 445.077 (5786/13)	time: 1.057 (13.739/13)
2020-12-02 21:43:32,469 - local_search.py[line:102] - INFO: [n = 1000] [ 14/100] step: 445.214 (6233/14)	time: 1.128 (15.798/14)
2020-12-02 21:43:33,200 - local_search.py[line:102] - INFO: [n = 1000] [ 15/100] step: 446.000 (6690/15)	time: 1.102 (16.529/15)
2020-12-02 21:43:34,661 - local_search.py[line:102] - INFO: [n = 1000] [ 16/100] step: 444.188 (7107/16)	time: 1.124 (17.990/16)
2020-12-02 21:43:35,750 - local_search.py[line:102] - INFO: [n = 1000] [ 17/100] step: 443.353 (7537/17)	time: 1.122 (19.079/17)
2020-12-02 21:43:37,518 - local_search.py[line:102] - INFO: [n = 1000] [ 18/100] step: 442.444 (7964/18)	time: 1.158 (20.846/18)
2020-12-02 21:43:38,454 - local_search.py[line:102] - INFO: [n = 1000] [ 19/100] step: 442.053 (8399/19)	time: 1.146 (21.782/19)
2020-12-02 21:43:39,166 - local_search.py[line:102] - INFO: [n = 1000] [ 20/100] step: 442.250 (8845/20)	time: 1.125 (22.494/20)
2020-12-02 21:43:40,313 - local_search.py[line:102] - INFO: [n = 1000] [ 21/100] step: 442.429 (9291/21)	time: 1.126 (23.641/21)
2020-12-02 21:43:40,931 - local_search.py[line:102] - INFO: [n = 1000] [ 22/100] step: 443.227 (9751/22)	time: 1.103 (24.259/22)
2020-12-02 21:43:43,176 - local_search.py[line:102] - INFO: [n = 1000] [ 23/100] step: 442.739 (10183/23)	time: 1.152 (26.503/23)
2020-12-02 21:43:44,735 - local_search.py[line:102] - INFO: [n = 1000] [ 24/100] step: 443.375 (10641/24)	time: 1.169 (28.063/24)
2020-12-02 21:43:45,770 - local_search.py[line:102] - INFO: [n = 1000] [ 25/100] step: 443.320 (11083/25)	time: 1.164 (29.098/25)
2020-12-02 21:43:46,409 - local_search.py[line:102] - INFO: [n = 1000] [ 26/100] step: 443.385 (11528/26)	time: 1.144 (29.736/26)
2020-12-02 21:43:48,975 - local_search.py[line:102] - INFO: [n = 1000] [ 27/100] step: 442.370 (11944/27)	time: 1.196 (32.302/27)
2020-12-02 21:43:49,702 - local_search.py[line:102] - INFO: [n = 1000] [ 28/100] step: 441.750 (12369/28)	time: 1.180 (33.029/28)
2020-12-02 21:43:51,076 - local_search.py[line:102] - INFO: [n = 1000] [ 29/100] step: 441.172 (12794/29)	time: 1.186 (34.402/29)
2020-12-02 21:43:51,916 - local_search.py[line:102] - INFO: [n = 1000] [ 30/100] step: 440.933 (13228/30)	time: 1.175 (35.243/30)
2020-12-02 21:43:53,049 - local_search.py[line:102] - INFO: [n = 1000] [ 31/100] step: 441.710 (13693/31)	time: 1.173 (36.375/31)
2020-12-02 21:43:53,994 - local_search.py[line:102] - INFO: [n = 1000] [ 32/100] step: 441.594 (14131/32)	time: 1.166 (37.320/32)
2020-12-02 21:43:54,926 - local_search.py[line:102] - INFO: [n = 1000] [ 33/100] step: 441.758 (14578/33)	time: 1.159 (38.252/33)
2020-12-02 21:43:56,106 - local_search.py[line:102] - INFO: [n = 1000] [ 34/100] step: 442.147 (15033/34)	time: 1.160 (39.432/34)
2020-12-02 21:43:56,955 - local_search.py[line:102] - INFO: [n = 1000] [ 35/100] step: 442.057 (15472/35)	time: 1.151 (40.280/35)
2020-12-02 21:43:57,924 - local_search.py[line:102] - INFO: [n = 1000] [ 36/100] step: 442.111 (15916/36)	time: 1.146 (41.249/36)
2020-12-02 21:43:58,645 - local_search.py[line:102] - INFO: [n = 1000] [ 37/100] step: 441.838 (16348/37)	time: 1.134 (41.969/37)
2020-12-02 21:43:59,430 - local_search.py[line:102] - INFO: [n = 1000] [ 38/100] step: 442.316 (16808/38)	time: 1.125 (42.755/38)
2020-12-02 21:44:01,039 - local_search.py[line:102] - INFO: [n = 1000] [ 39/100] step: 442.051 (17240/39)	time: 1.138 (44.363/39)
2020-12-02 21:44:02,683 - local_search.py[line:102] - INFO: [n = 1000] [ 40/100] step: 442.025 (17681/40)	time: 1.150 (46.007/40)
2020-12-02 21:44:03,789 - local_search.py[line:102] - INFO: [n = 1000] [ 41/100] step: 442.561 (18145/41)	time: 1.149 (47.113/41)
2020-12-02 21:44:05,767 - local_search.py[line:102] - INFO: [n = 1000] [ 42/100] step: 442.667 (18592/42)	time: 1.169 (49.091/42)
2020-12-02 21:44:07,640 - local_search.py[line:102] - INFO: [n = 1000] [ 43/100] step: 442.907 (19045/43)	time: 1.185 (50.964/43)
2020-12-02 21:44:08,292 - local_search.py[line:102] - INFO: [n = 1000] [ 44/100] step: 442.545 (19472/44)	time: 1.173 (51.616/44)
2020-12-02 21:44:09,396 - local_search.py[line:102] - INFO: [n = 1000] [ 45/100] step: 442.733 (19923/45)	time: 1.172 (52.720/45)
2020-12-02 21:44:10,274 - local_search.py[line:102] - INFO: [n = 1000] [ 46/100] step: 443.087 (20382/46)	time: 1.165 (53.597/46)
2020-12-02 21:44:11,017 - local_search.py[line:102] - INFO: [n = 1000] [ 47/100] step: 442.915 (20817/47)	time: 1.156 (54.340/47)
2020-12-02 21:44:11,947 - local_search.py[line:102] - INFO: [n = 1000] [ 48/100] step: 442.854 (21257/48)	time: 1.151 (55.270/48)
2020-12-02 21:44:13,220 - local_search.py[line:102] - INFO: [n = 1000] [ 49/100] step: 442.714 (21693/49)	time: 1.154 (56.543/49)
2020-12-02 21:44:14,735 - local_search.py[line:102] - INFO: [n = 1000] [ 50/100] step: 442.640 (22132/50)	time: 1.161 (58.057/50)
2020-12-02 21:44:15,888 - local_search.py[line:102] - INFO: [n = 1000] [ 51/100] step: 442.608 (22573/51)	time: 1.161 (59.211/51)
2020-12-02 21:44:16,885 - local_search.py[line:102] - INFO: [n = 1000] [ 52/100] step: 442.750 (23023/52)	time: 1.158 (60.207/52)
2020-12-02 21:44:17,673 - local_search.py[line:102] - INFO: [n = 1000] [ 53/100] step: 442.566 (23456/53)	time: 1.151 (60.996/53)
2020-12-02 21:44:18,469 - local_search.py[line:102] - INFO: [n = 1000] [ 54/100] step: 442.222 (23880/54)	time: 1.144 (61.791/54)
2020-12-02 21:44:19,448 - local_search.py[line:102] - INFO: [n = 1000] [ 55/100] step: 442.000 (24310/55)	time: 1.141 (62.770/55)
2020-12-02 21:44:21,821 - local_search.py[line:102] - INFO: [n = 1000] [ 56/100] step: 441.714 (24736/56)	time: 1.163 (65.143/56)
2020-12-02 21:44:22,541 - local_search.py[line:102] - INFO: [n = 1000] [ 57/100] step: 441.737 (25179/57)	time: 1.155 (65.863/57)
2020-12-02 21:44:23,798 - local_search.py[line:102] - INFO: [n = 1000] [ 58/100] step: 441.655 (25616/58)	time: 1.157 (67.120/58)
2020-12-02 21:44:24,549 - local_search.py[line:102] - INFO: [n = 1000] [ 59/100] step: 441.983 (26077/59)	time: 1.150 (67.870/59)
2020-12-02 21:44:25,371 - local_search.py[line:102] - INFO: [n = 1000] [ 60/100] step: 441.900 (26514/60)	time: 1.145 (68.692/60)
2020-12-02 21:44:26,282 - local_search.py[line:102] - INFO: [n = 1000] [ 61/100] step: 442.000 (26962/61)	time: 1.141 (69.603/61)
2020-12-02 21:44:26,969 - local_search.py[line:102] - INFO: [n = 1000] [ 62/100] step: 441.710 (27386/62)	time: 1.134 (70.289/62)
2020-12-02 21:44:28,141 - local_search.py[line:102] - INFO: [n = 1000] [ 63/100] step: 441.746 (27830/63)	time: 1.134 (71.462/63)
2020-12-02 21:44:28,779 - local_search.py[line:102] - INFO: [n = 1000] [ 64/100] step: 441.750 (28272/64)	time: 1.127 (72.099/64)
2020-12-02 21:44:29,775 - local_search.py[line:102] - INFO: [n = 1000] [ 65/100] step: 441.631 (28706/65)	time: 1.125 (73.095/65)
2020-12-02 21:44:31,512 - local_search.py[line:102] - INFO: [n = 1000] [ 66/100] step: 441.682 (29151/66)	time: 1.134 (74.832/66)
2020-12-02 21:44:32,882 - local_search.py[line:102] - INFO: [n = 1000] [ 67/100] step: 441.328 (29569/67)	time: 1.137 (76.201/67)
2020-12-02 21:44:33,458 - local_search.py[line:102] - INFO: [n = 1000] [ 68/100] step: 441.662 (30033/68)	time: 1.129 (76.778/68)
2020-12-02 21:44:34,801 - local_search.py[line:102] - INFO: [n = 1000] [ 69/100] step: 441.870 (30489/69)	time: 1.132 (78.120/69)
2020-12-02 21:44:38,254 - local_search.py[line:102] - INFO: [n = 1000] [ 70/100] step: 441.971 (30938/70)	time: 1.165 (81.573/70)
2020-12-02 21:44:39,033 - local_search.py[line:102] - INFO: [n = 1000] [ 71/100] step: 442.113 (31390/71)	time: 1.160 (82.352/71)
2020-12-02 21:44:39,763 - local_search.py[line:102] - INFO: [n = 1000] [ 72/100] step: 442.486 (31859/72)	time: 1.154 (83.081/72)
2020-12-02 21:44:40,639 - local_search.py[line:102] - INFO: [n = 1000] [ 73/100] step: 442.452 (32299/73)	time: 1.150 (83.957/73)
2020-12-02 21:44:41,810 - local_search.py[line:102] - INFO: [n = 1000] [ 74/100] step: 442.311 (32731/74)	time: 1.150 (85.128/74)
2020-12-02 21:44:43,517 - local_search.py[line:102] - INFO: [n = 1000] [ 75/100] step: 442.267 (33170/75)	time: 1.158 (86.835/75)
2020-12-02 21:44:44,569 - local_search.py[line:102] - INFO: [n = 1000] [ 76/100] step: 442.645 (33641/76)	time: 1.156 (87.887/76)
2020-12-02 21:44:45,669 - local_search.py[line:102] - INFO: [n = 1000] [ 77/100] step: 442.662 (34085/77)	time: 1.156 (88.987/77)
2020-12-02 21:44:46,771 - local_search.py[line:102] - INFO: [n = 1000] [ 78/100] step: 442.987 (34553/78)	time: 1.155 (90.089/78)
2020-12-02 21:44:47,589 - local_search.py[line:102] - INFO: [n = 1000] [ 79/100] step: 443.076 (35003/79)	time: 1.151 (90.906/79)
2020-12-02 21:44:48,969 - local_search.py[line:102] - INFO: [n = 1000] [ 80/100] step: 443.062 (35445/80)	time: 1.154 (92.286/80)
2020-12-02 21:44:49,789 - local_search.py[line:102] - INFO: [n = 1000] [ 81/100] step: 443.123 (35893/81)	time: 1.149 (93.106/81)
2020-12-02 21:44:50,649 - local_search.py[line:102] - INFO: [n = 1000] [ 82/100] step: 443.317 (36352/82)	time: 1.146 (93.966/82)
2020-12-02 21:44:52,161 - local_search.py[line:102] - INFO: [n = 1000] [ 83/100] step: 443.241 (36789/83)	time: 1.150 (95.477/83)
2020-12-02 21:44:53,024 - local_search.py[line:102] - INFO: [n = 1000] [ 84/100] step: 443.167 (37226/84)	time: 1.147 (96.341/84)
2020-12-02 21:44:53,692 - local_search.py[line:102] - INFO: [n = 1000] [ 85/100] step: 443.118 (37665/85)	time: 1.141 (97.008/85)
2020-12-02 21:44:54,418 - local_search.py[line:102] - INFO: [n = 1000] [ 86/100] step: 443.279 (38122/86)	time: 1.136 (97.734/86)
2020-12-02 21:44:55,384 - local_search.py[line:102] - INFO: [n = 1000] [ 87/100] step: 443.322 (38569/87)	time: 1.134 (98.700/87)
2020-12-02 21:44:56,543 - local_search.py[line:102] - INFO: [n = 1000] [ 88/100] step: 443.455 (39024/88)	time: 1.135 (99.859/88)
2020-12-02 21:44:57,891 - local_search.py[line:102] - INFO: [n = 1000] [ 89/100] step: 443.438 (39466/89)	time: 1.137 (101.207/89)
2020-12-02 21:44:58,518 - local_search.py[line:102] - INFO: [n = 1000] [ 90/100] step: 443.222 (39890/90)	time: 1.131 (101.833/90)
2020-12-02 21:45:00,310 - local_search.py[line:102] - INFO: [n = 1000] [ 91/100] step: 443.505 (40359/91)	time: 1.139 (103.625/91)
2020-12-02 21:45:01,620 - local_search.py[line:102] - INFO: [n = 1000] [ 92/100] step: 443.413 (40794/92)	time: 1.141 (104.935/92)
2020-12-02 21:45:02,680 - local_search.py[line:102] - INFO: [n = 1000] [ 93/100] step: 443.613 (41256/93)	time: 1.140 (105.995/93)
2020-12-02 21:45:04,038 - local_search.py[line:102] - INFO: [n = 1000] [ 94/100] step: 443.723 (41710/94)	time: 1.142 (107.353/94)
2020-12-02 21:45:06,728 - local_search.py[line:102] - INFO: [n = 1000] [ 95/100] step: 443.947 (42175/95)	time: 1.158 (110.042/95)
2020-12-02 21:45:07,895 - local_search.py[line:102] - INFO: [n = 1000] [ 96/100] step: 443.771 (42602/96)	time: 1.158 (111.209/96)
2020-12-02 21:45:10,410 - local_search.py[line:102] - INFO: [n = 1000] [ 97/100] step: 443.619 (43031/97)	time: 1.172 (113.724/97)
2020-12-02 21:45:11,801 - local_search.py[line:102] - INFO: [n = 1000] [ 98/100] step: 443.643 (43477/98)	time: 1.175 (115.115/98)
2020-12-02 21:45:12,664 - local_search.py[line:102] - INFO: [n = 1000] [ 99/100] step: 443.687 (43925/99)	time: 1.171 (115.977/99)
2020-12-02 21:45:13,797 - local_search.py[line:102] - INFO: [n = 1000] [100/100] step: 443.670 (44367/100)	time: 1.171 (117.111/100)
2020-12-02 21:45:13,798 - local_search.py[line:106] - CRITICAL: [local_search n = 1000] average step: 443.67 (44367/100)
2020-12-02 21:45:13,798 - local_search.py[line:107] - CRITICAL: [local_search n = 1000] average time: 1.1711075353622435 (117.11075353622437/100)
2020-12-02 21:45:13,800 - local_search.py[line:95] - CRITICAL: [local_search n = 10000]
2020-12-02 21:45:25,290 - local_search.py[line:102] - INFO: [n = 10000] [  1/10] step: 4428.000 (4428/1)	time: 11.490 (11.490/1)
2020-12-02 21:45:38,674 - local_search.py[line:102] - INFO: [n = 10000] [  2/10] step: 4413.000 (8826/2)	time: 12.437 (24.873/2)
2020-12-02 21:45:52,791 - local_search.py[line:102] - INFO: [n = 10000] [  3/10] step: 4426.000 (13278/3)	time: 12.997 (38.991/3)
2020-12-02 21:46:06,801 - local_search.py[line:102] - INFO: [n = 10000] [  4/10] step: 4413.500 (17654/4)	time: 13.250 (53.000/4)
2020-12-02 21:46:19,839 - local_search.py[line:102] - INFO: [n = 10000] [  5/10] step: 4404.000 (22020/5)	time: 13.208 (66.038/5)
2020-12-02 21:46:38,610 - local_search.py[line:102] - INFO: [n = 10000] [  6/10] step: 4408.667 (26452/6)	time: 14.135 (84.808/6)
2020-12-02 21:46:51,986 - local_search.py[line:102] - INFO: [n = 10000] [  7/10] step: 4407.714 (30854/7)	time: 14.026 (98.184/7)
2020-12-02 21:47:06,533 - local_search.py[line:102] - INFO: [n = 10000] [  8/10] step: 4409.125 (35273/8)	time: 14.091 (112.731/8)
2020-12-02 21:47:26,994 - local_search.py[line:102] - INFO: [n = 10000] [  9/10] step: 4402.444 (39622/9)	time: 14.799 (133.191/9)
2020-12-02 21:47:45,406 - local_search.py[line:102] - INFO: [n = 10000] [ 10/10] step: 4406.400 (44064/10)	time: 15.160 (151.604/10)
2020-12-02 21:47:45,407 - local_search.py[line:106] - CRITICAL: [local_search n = 10000] average step: 4406.4 (44064/10)
2020-12-02 21:47:45,407 - local_search.py[line:107] - CRITICAL: [local_search n = 10000] average time: 15.160387086868287 (151.60387086868286/10)
